1ccfef3d6a9587c: 0, 0, 0, 0, StartTime ;
1ccfef3d7a80bba: 0, 0, 0, 0, EndTime ;
1ccff02b498c8a2: 0, 0, 0, 0, StartTime ;
1ccff02b498c8a2: 74c, c0000043, 7d7, 0, MoveFile ;\SystemRoot\WinSxS\Temp\PendingRenames\6eb2fdd5f6fecc012f010000a0177413.AppIdPolicy.xsd, \??\C:\Windows\security\ApplicationId\PolicyManagement\AppIdPolicy.xsd
1ccff02ba4992ca: 0, 0, 0, 0, EndTime ;
1ccff031e5aa188: 0, 0, 0, 0, StartTime ;
1ccff034283e912: 0, 0, 0, 0, EndTime ;
1ccff65ed7cdb99: 0, 0, 0, 0, StartTime ;
1ccff65efea22c1: 0, 0, 0, 0, EndTime ;
1ccff7e7d5d9036: 0, 0, 0, 0, StartTime ;
1ccff7e898bdadd: 0, 0, 0, 0, EndTime ;
1ccffadc96244cf: 0, 0, 0, 0, StartTime ;
1ccffadd6326d09: 0, 0, 0, 0, EndTime ;
1ccffaf6c4ca4f1: 0, 0, 0, 0, StartTime ;
1ccffaf7156cec6: 0, 0, 0, 0, CriticalPOQComplete ;
1ccffaf9e82abb9: 0, 0, 0, 0, EndTime ;
1cd014089c6dc5f: 0, 0, 0, 0, StartTime ;
1cd01408f6bbfa5: 0, 0, 0, 0, EndTime ;
1cd01fe4cd412b4: 0, 0, 0, 0, StartTime ;
1cd01fe50c7bb88: 0, 0, 0, 0, EndTime ;
1cd0217214de979: 0, 0, 0, 0, StartTime ;
1cd021726b02638: 0, 0, 0, 0, EndTime ;
1cd0217aa176735: 0, 0, 0, 0, StartTime ;
1cd0217aba02a42: 0, 0, 0, 0, EndTime ;
1cd046ea7349b01: 0, 0, 0, 0, StartTime ;
1cd046eaac1e8aa: 0, 0, 0, 0, EndTime ;
1cd1929bd004fc8: 0, 0, 0, 0, StartTime ;
1cd1929c33666ff: 0, 0, 0, 0, EndTime ;
1cd314b2cace202: 0, 0, 0, 0, StartTime ;
1cd314b34db9cf3: 0, 0, 0, 0, EndTime ;
