+ Launching the patch wrapper
   + Initializing patch object from manifest file
      + Initializing manifest reader
      - Initializing manifest reader
      + Loading patch info
      - Loading patch info
   - Initializing patch object from manifest file
   + Processing command line
      Command line: /q /norestart
      + Replacing Switch Abbreviations
      - Replacing Switch Abbreviations
      + Validate allowed switch combinations
      - Validate allowed switch combinations
      + Forcing MSI Logging
      - Forcing MSI Logging
      + Add Source path to MSI Source List
         ERROR [16389]
         ERROR [16389]
      - Add Source path to MSI Source List
   - Processing command line
   + Initializing watson data
      + AddFileToKeep Logging
      - AddFileToKeep Logging
   - Initializing watson data
   + Executing Action
      + Prepare to apply the patch to all products
         + Extracting Items
            Item 2 to C:\Windows\TEMP\ZNW35D3
            + Extracting package item to file
               Item ID: VS80sp1-KB2538218-v2-X86-INTL.msp to "C:\Windows\TEMP\ZNW35D3"
            - Extracting package item to file
         - Extracting Items
         + Extracting Items
            Item 4 to C:\Windows\TEMP\ZNW35D3
            + Extracting package item to file
               Item ID: filehashfixup.exe to "C:\Windows\TEMP\ZNW35D3"
            - Extracting package item to file
            + Extracting package item to file
               Item ID: filehashfixup.exe.data to "C:\Windows\TEMP\ZNW35D3"
            - Extracting package item to file
         - Extracting Items
         + Initializing patch object from patch package
            + Releasing products
            - Releasing products
            Accessing summary info for LastSavedBy
            + Loading summary info from file
            - Loading summary info from file
            Products counted, 63 found
            Initializing all products found
            + Creating temporary file
            - Creating temporary file
            + Transform extraction...
               Extracting transform 'T369_100ToU866_100' to "C:\Windows\TEMP\460A.tmp"
            - Transform extraction...
            + Initializing product from transform
               + Loading summary info from file
               - Loading summary info from file
               SummaryInfo loaded from transform "C:\Windows\TEMP\460A.tmp"
               Summaryinfo Revision Number: {4E65220F-1554-4ABF-AA88-2A2B8AB75666}8.0.50728;{4E65220F-1554-4ABF-AA88-2A2B8AB75666}8.0.50728;{B4160C68-1EA5-458F-B1EA-E69B41E44007}
               summaryinfo Template: Intel;1036
            - Initializing product from transform
            + Creating temporary file
            - Creating temporary file
            + Transform extraction...
               Extracting transform 'T369_123ToU866_123' to "C:\Windows\TEMP\46F5.tmp"
            - Transform extraction...
            + Initializing product from transform
               + Loading summary info from file
               - Loading summary info from file
               SummaryInfo loaded from transform "C:\Windows\TEMP\46F5.tmp"
               Summaryinfo Revision Number: {6CE1284C-B158-4420-AD9D-BD39CD1AA8A1}8.0.50728;{6CE1284C-B158-4420-AD9D-BD39CD1AA8A1}8.0.50728;{1DCA4101-634B-47E3-A526-2528C1F466CE}
               summaryinfo Template: Intel;1031
            - Initializing product from transform
            + Creating temporary file
            - Creating temporary file
            + Transform extraction...
               Extracting transform 'T369_128ToU866_128' to "C:\Windows\TEMP\4763.tmp"
            - Transform extraction...
            + Initializing product from transform
               + Loading summary info from file
               - Loading summary info from file
               SummaryInfo loaded from transform "C:\Windows\TEMP\4763.tmp"
               Summaryinfo Revision Number: {00610407-7C6C-486A-BB1D-80CEAC7E076B}8.0.50728;{00610407-7C6C-486A-BB1D-80CEAC7E076B}8.0.50728;{EC50BF0A-3064-11D5-A54A-0090278A1BB8}
               summaryinfo Template: Intel;1031
            - Initializing product from transform
            + Creating temporary file
            - Creating temporary file
            + Transform extraction...
               Extracting transform 'T369_129ToU866_129' to "C:\Windows\TEMP\483F.tmp"
            - Transform extraction...
            + Initializing product from transform
               + Loading summary info from file
               - Loading summary info from file
               SummaryInfo loaded from transform "C:\Windows\TEMP\483F.tmp"
               Summaryinfo Revision Number: {77E5F4F8-65B3-4104-A538-634629FF78FC}8.0.50728;{77E5F4F8-65B3-4104-A538-634629FF78FC}8.0.50728;{03585982-D623-4824-B0B7-2A428571FA01}
               summaryinfo Template: Intel;1031
            - Initializing product from transform
            + Creating temporary file
            - Creating temporary file
            + Transform extraction...
               Extracting transform 'T369_130ToU866_130' to "C:\Windows\TEMP\4A33.tmp"
            - Transform extraction...
            + Initializing product from transform
               + Loading summary info from file
               - Loading summary info from file
               SummaryInfo loaded from transform "C:\Windows\TEMP\4A33.tmp"
               Summaryinfo Revision Number: {205F0407-9325-4DC4-BEAE-0F65C1A45F11}8.0.50728;{205F0407-9325-4DC4-BEAE-0F65C1A45F11}8.0.50728;{35A0742A-0089-46E6-A442-A07B96BB8732}
               summaryinfo Template: Intel;1031
            - Initializing product from transform
            + Creating temporary file
            - Creating temporary file
            + Transform extraction...
               Extracting transform 'T369_131ToU866_131' to "C:\Windows\TEMP\4DDC.tmp"
            - Transform extraction...
            + Initializing product from transform
               + Loading summary info from file
               - Loading summary info from file
               SummaryInfo loaded from transform "C:\Windows\TEMP\4DDC.tmp"
               Summaryinfo Revision Number: {57261387-0537-4097-A1F7-B1A46BA3A2E0}8.0.50728;{57261387-0537-4097-A1F7-B1A46BA3A2E0}8.0.50728;{642555CB-D408-4B1E-AAEF-103CBFDCCBE1}
               summaryinfo Template: Intel;1031
            - Initializing product from transform
            + Creating temporary file
            - Creating temporary file
            + Transform extraction...
               Extracting transform 'T369_132ToU866_132' to "C:\Windows\TEMP\50E9.tmp"
            - Transform extraction...
            + Initializing product from transform
               + Loading summary info from file
               - Loading summary info from file
               SummaryInfo loaded from transform "C:\Windows\TEMP\50E9.tmp"
               Summaryinfo Revision Number: {23BF4ECE-5C12-406B-AF67-F6BB7AD75861}8.0.50728;{23BF4ECE-5C12-406B-AF67-F6BB7AD75861}8.0.50728;{3F2FC674-F6B0-41E1-B57F-F2FA39222A1F}
               summaryinfo Template: Intel;1031
            - Initializing product from transform
            + Creating temporary file
            - Creating temporary file
            + Transform extraction...
               Extracting transform 'T369_133ToU866_133' to "C:\Windows\TEMP\535A.tmp"
            - Transform extraction...
            + Initializing product from transform
               + Loading summary info from file
               - Loading summary info from file
               SummaryInfo loaded from transform "C:\Windows\TEMP\535A.tmp"
               Summaryinfo Revision Number: {2637607E-DC6E-46E7-88D6-BF42D2789FC9}8.0.50728;{2637607E-DC6E-46E7-88D6-BF42D2789FC9}8.0.50728;{B4160C68-1EA5-458F-B1EA-E69B41E44007}
               summaryinfo Template: Intel;1031
            - Initializing product from transform
            + Creating temporary file
            - Creating temporary file
            + Transform extraction...
               Extracting transform 'T369_156ToU866_156' to "C:\Windows\TEMP\53D8.tmp"
            - Transform extraction...
            + Initializing product from transform
               + Loading summary info from file
               - Loading summary info from file
               SummaryInfo loaded from transform "C:\Windows\TEMP\53D8.tmp"
               Summaryinfo Revision Number: {CE5DF0DF-711B-4FCA-8C32-8E2E4DD8A033}8.0.50728;{CE5DF0DF-711B-4FCA-8C32-8E2E4DD8A033}8.0.50728;{1DCA4101-634B-47E3-A526-2528C1F466CE}
               summaryinfo Template: Intel;2052
            - Initializing product from transform
            + Creating temporary file
            - Creating temporary file
            + Transform extraction...
               Extracting transform 'T369_161ToU866_161' to "C:\Windows\TEMP\5436.tmp"
            - Transform extraction...
            + Initializing product from transform
               + Loading summary info from file
               - Loading summary info from file
               SummaryInfo loaded from transform "C:\Windows\TEMP\5436.tmp"
               Summaryinfo Revision Number: {80610804-8B7A-4753-80AA-ECB5510944C7}8.0.50728;{80610804-8B7A-4753-80AA-ECB5510944C7}8.0.50728;{EC50BF0A-3064-11D5-A54A-0090278A1BB8}
               summaryinfo Template: Intel;2052
            - Initializing product from transform
            + Creating temporary file
            - Creating temporary file
            + Transform extraction...
               Extracting transform 'T369_162ToU866_162' to "C:\Windows\TEMP\54D3.tmp"
            - Transform extraction...
            + Initializing product from transform
               + Loading summary info from file
               - Loading summary info from file
               SummaryInfo loaded from transform "C:\Windows\TEMP\54D3.tmp"
               Summaryinfo Revision Number: {AC0AD2E5-5540-445E-8A56-CC62CAD4CE78}8.0.50728;{AC0AD2E5-5540-445E-8A56-CC62CAD4CE78}8.0.50728;{03585982-D623-4824-B0B7-2A428571FA01}
               summaryinfo Template: Intel;2052
            - Initializing product from transform
            + Creating temporary file
            - Creating temporary file
            + Transform extraction...
               Extracting transform 'T369_163ToU866_163' to "C:\Windows\TEMP\5542.tmp"
            - Transform extraction...
            + Initializing product from transform
               + Loading summary info from file
               - Loading summary info from file
               SummaryInfo loaded from transform "C:\Windows\TEMP\5542.tmp"
               Summaryinfo Revision Number: {A05F0804-75E1-4F73-A169-F091D8982E88}8.0.50728;{A05F0804-75E1-4F73-A169-F091D8982E88}8.0.50728;{35A0742A-0089-46E6-A442-A07B96BB8732}
               summaryinfo Template: Intel;2052
            - Initializing product from transform
            + Creating temporary file
            - Creating temporary file
            + Transform extraction...
               Extracting transform 'T369_164ToU866_164' to "C:\Windows\TEMP\55EE.tmp"
            - Transform extraction...
            + Initializing product from transform
               + Loading summary info from file
               - Loading summary info from file
               SummaryInfo loaded from transform "C:\Windows\TEMP\55EE.tmp"
               Summaryinfo Revision Number: {468D6A3C-0220-45E0-8193-EEE205010458}8.0.50728;{468D6A3C-0220-45E0-8193-EEE205010458}8.0.50728;{642555CB-D408-4B1E-AAEF-103CBFDCCBE1}
               summaryinfo Template: Intel;2052
            - Initializing product from transform
            + Creating temporary file
            - Creating temporary file
            + Transform extraction...
               Extracting transform 'T369_165ToU866_165' to "C:\Windows\TEMP\564D.tmp"
            - Transform extraction...
            + Initializing product from transform
               + Loading summary info from file
               - Loading summary info from file
               SummaryInfo loaded from transform "C:\Windows\TEMP\564D.tmp"
               Summaryinfo Revision Number: {65C67A85-40C5-4529-BDD4-0AA10F7D9345}8.0.50728;{65C67A85-40C5-4529-BDD4-0AA10F7D9345}8.0.50728;{3F2FC674-F6B0-41E1-B57F-F2FA39222A1F}
               summaryinfo Template: Intel;2052
            - Initializing product from transform
            + Creating temporary file
            - Creating temporary file
            + Transform extraction...
               Extracting transform 'T369_166ToU866_166' to "C:\Windows\TEMP\56EA.tmp"
            - Transform extraction...
            + Initializing product from transform
               + Loading summary info from file
               - Loading summary info from file
               SummaryInfo loaded from transform "C:\Windows\TEMP\56EA.tmp"
               Summaryinfo Revision Number: {D63CF78E-9840-4F51-85B3-BA4CD9675894}8.0.50728;{D63CF78E-9840-4F51-85B3-BA4CD9675894}8.0.50728;{B4160C68-1EA5-458F-B1EA-E69B41E44007}
               summaryinfo Template: Intel;2052
            - Initializing product from transform
            + Creating temporary file
            - Creating temporary file
            + Transform extraction...
               Extracting transform 'T369_188ToU866_188' to "C:\Windows\TEMP\5748.tmp"
            - Transform extraction...
            + Initializing product from transform
               + Loading summary info from file
               - Loading summary info from file
               SummaryInfo loaded from transform "C:\Windows\TEMP\5748.tmp"
               Summaryinfo Revision Number: {303471AC-4887-4C16-9A80-569C0E8D5F4F}8.0.50728;{303471AC-4887-4C16-9A80-569C0E8D5F4F}8.0.50728;{1DCA4101-634B-47E3-A526-2528C1F466CE}
               summaryinfo Template: Intel;1028
            - Initializing product from transform
            + Creating temporary file
            - Creating temporary file
            + Transform extraction...
               Extracting transform 'T369_19ToU866_19' to "C:\Windows\TEMP\5805.tmp"
            - Transform extraction...
            + Initializing product from transform
               + Loading summary info from file
               - Loading summary info from file
               SummaryInfo loaded from transform "C:\Windows\TEMP\5805.tmp"
               Summaryinfo Revision Number: {AB6F4AB9-AC85-4002-9829-B6EEA55AE3A5}8.0.50728;{AB6F4AB9-AC85-4002-9829-B6EEA55AE3A5}8.0.50728;{1DCA4101-634B-47E3-A526-2528C1F466CE}
               summaryinfo Template: Intel;1033
            - Initializing product from transform
            + Creating temporary file
            - Creating temporary file
            + Transform extraction...
               Extracting transform 'T369_193ToU866_193' to "C:\Windows\TEMP\5A28.tmp"
            - Transform extraction...
            + Initializing product from transform
               + Loading summary info from file
               - Loading summary info from file
               SummaryInfo loaded from transform "C:\Windows\TEMP\5A28.tmp"
               Summaryinfo Revision Number: {C0610404-D7A1-472C-BD96-D003067E3373}8.0.50728;{C0610404-D7A1-472C-BD96-D003067E3373}8.0.50728;{EC50BF0A-3064-11D5-A54A-0090278A1BB8}
               summaryinfo Template: Intel;1028
            - Initializing product from transform
            + Creating temporary file
            - Creating temporary file
            + Transform extraction...
               Extracting transform 'T369_194ToU866_194' to "C:\Windows\TEMP\5AE4.tmp"
            - Transform extraction...
            + Initializing product from transform
               + Loading summary info from file
               - Loading summary info from file
               SummaryInfo loaded from transform "C:\Windows\TEMP\5AE4.tmp"
               Summaryinfo Revision Number: {D48748FC-D941-4B6C-8125-AED2C39DF0DB}8.0.50728;{D48748FC-D941-4B6C-8125-AED2C39DF0DB}8.0.50728;{03585982-D623-4824-B0B7-2A428571FA01}
               summaryinfo Template: Intel;1028
            - Initializing product from transform
            + Creating temporary file
            - Creating temporary file
            + Transform extraction...
               Extracting transform 'T369_195ToU866_195' to "C:\Windows\TEMP\5B52.tmp"
            - Transform extraction...
            + Initializing product from transform
               + Loading summary info from file
               - Loading summary info from file
               SummaryInfo loaded from transform "C:\Windows\TEMP\5B52.tmp"
               Summaryinfo Revision Number: {005F0404-FAC6-472F-A910-A4F55FE19767}8.0.50728;{005F0404-FAC6-472F-A910-A4F55FE19767}8.0.50728;{35A0742A-0089-46E6-A442-A07B96BB8732}
               summaryinfo Template: Intel;1028
            - Initializing product from transform
            + Creating temporary file
            - Creating temporary file
            + Transform extraction...
               Extracting transform 'T369_196ToU866_196' to "C:\Windows\TEMP\5BDF.tmp"
            - Transform extraction...
            + Initializing product from transform
               + Loading summary info from file
               - Loading summary info from file
               SummaryInfo loaded from transform "C:\Windows\TEMP\5BDF.tmp"
               Summaryinfo Revision Number: {0E576911-0D5D-4D29-A900-EF8EE836B389}8.0.50728;{0E576911-0D5D-4D29-A900-EF8EE836B389}8.0.50728;{642555CB-D408-4B1E-AAEF-103CBFDCCBE1}
               summaryinfo Template: Intel;1028
            - Initializing product from transform
            + Creating temporary file
            - Creating temporary file
            + Transform extraction...
               Extracting transform 'T369_197ToU866_197' to "C:\Windows\TEMP\5C6D.tmp"
            - Transform extraction...
            + Initializing product from transform
               + Loading summary info from file
               - Loading summary info from file
               SummaryInfo loaded from transform "C:\Windows\TEMP\5C6D.tmp"
               Summaryinfo Revision Number: {9EAAB38A-824D-481C-AE67-FC41E86627F7}8.0.50728;{9EAAB38A-824D-481C-AE67-FC41E86627F7}8.0.50728;{3F2FC674-F6B0-41E1-B57F-F2FA39222A1F}
               summaryinfo Template: Intel;1028
            - Initializing product from transform
            + Creating temporary file
            - Creating temporary file
            + Transform extraction...
               Extracting transform 'T369_198ToU866_198' to "C:\Windows\TEMP\5CDB.tmp"
            - Transform extraction...
            + Initializing product from transform
               + Loading summary info from file
               - Loading summary info from file
               SummaryInfo loaded from transform "C:\Windows\TEMP\5CDB.tmp"
               Summaryinfo Revision Number: {DBB419FE-B2D7-484F-8946-53E9453721D3}8.0.50728;{DBB419FE-B2D7-484F-8946-53E9453721D3}8.0.50728;{B4160C68-1EA5-458F-B1EA-E69B41E44007}
               summaryinfo Template: Intel;1028
            - Initializing product from transform
            + Creating temporary file
            - Creating temporary file
            + Transform extraction...
               Extracting transform 'T369_220ToU866_220' to "C:\Windows\TEMP\5D78.tmp"
            - Transform extraction...
            + Initializing product from transform
               + Loading summary info from file
               - Loading summary info from file
               SummaryInfo loaded from transform "C:\Windows\TEMP\5D78.tmp"
               Summaryinfo Revision Number: {F69299F3-6816-47C1-9F63-67071E3B20DB}8.0.50728;{F69299F3-6816-47C1-9F63-67071E3B20DB}8.0.50728;{1DCA4101-634B-47E3-A526-2528C1F466CE}
               summaryinfo Template: Intel;1040
            - Initializing product from transform
            + Creating temporary file
            - Creating temporary file
            + Transform extraction...
               Extracting transform 'T369_225ToU866_225' to "C:\Windows\TEMP\5DC7.tmp"
            - Transform extraction...
            + Initializing product from transform
               + Loading summary info from file
               - Loading summary info from file
               SummaryInfo loaded from transform "C:\Windows\TEMP\5DC7.tmp"
               Summaryinfo Revision Number: {E0610410-A9F8-4D31-A5BC-3BAAA86CE4D2}8.0.50728;{E0610410-A9F8-4D31-A5BC-3BAAA86CE4D2}8.0.50728;{EC50BF0A-3064-11D5-A54A-0090278A1BB8}
               summaryinfo Template: Intel;1040
            - Initializing product from transform
            + Creating temporary file
            - Creating temporary file
            + Transform extraction...
               Extracting transform 'T369_226ToU866_226' to "C:\Windows\TEMP\5E45.tmp"
            - Transform extraction...
            + Initializing product from transform
               + Loading summary info from file
               - Loading summary info from file
               SummaryInfo loaded from transform "C:\Windows\TEMP\5E45.tmp"
               Summaryinfo Revision Number: {18E1AE2A-9454-40EA-92BB-4F83982EC0C2}8.0.50728;{18E1AE2A-9454-40EA-92BB-4F83982EC0C2}8.0.50728;{03585982-D623-4824-B0B7-2A428571FA01}
               summaryinfo Template: Intel;1040
            - Initializing product from transform
            + Creating temporary file
            - Creating temporary file
            + Transform extraction...
               Extracting transform 'T369_227ToU866_227' to "C:\Windows\TEMP\5EE2.tmp"
            - Transform extraction...
            + Initializing product from transform
               + Loading summary info from file
               - Loading summary info from file
               SummaryInfo loaded from transform "C:\Windows\TEMP\5EE2.tmp"
               Summaryinfo Revision Number: {005F0410-0F6F-4EF2-8CD0-2CCD96343F4E}8.0.50728;{005F0410-0F6F-4EF2-8CD0-2CCD96343F4E}8.0.50728;{35A0742A-0089-46E6-A442-A07B96BB8732}
               summaryinfo Template: Intel;1040
            - Initializing product from transform
            + Creating temporary file
            - Creating temporary file
            + Transform extraction...
               Extracting transform 'T369_228ToU866_228' to "C:\Windows\TEMP\601B.tmp"
            - Transform extraction...
            + Initializing product from transform
               + Loading summary info from file
               - Loading summary info from file
               SummaryInfo loaded from transform "C:\Windows\TEMP\601B.tmp"
               Summaryinfo Revision Number: {7C4F9223-A657-461B-A255-68A4E922579C}8.0.50728;{7C4F9223-A657-461B-A255-68A4E922579C}8.0.50728;{642555CB-D408-4B1E-AAEF-103CBFDCCBE1}
               summaryinfo Template: Intel;1040
            - Initializing product from transform
            + Creating temporary file
            - Creating temporary file
            + Transform extraction...
               Extracting transform 'T369_229ToU866_229' to "C:\Windows\TEMP\6192.tmp"
            - Transform extraction...
            + Initializing product from transform
               + Loading summary info from file
               - Loading summary info from file
               SummaryInfo loaded from transform "C:\Windows\TEMP\6192.tmp"
               Summaryinfo Revision Number: {CC4F9AFD-8622-4749-9C73-12304433CD0D}8.0.50728;{CC4F9AFD-8622-4749-9C73-12304433CD0D}8.0.50728;{3F2FC674-F6B0-41E1-B57F-F2FA39222A1F}
               summaryinfo Template: Intel;1040
            - Initializing product from transform
            + Creating temporary file
            - Creating temporary file
            + Transform extraction...
               Extracting transform 'T369_230ToU866_230' to "C:\Windows\TEMP\6480.tmp"
            - Transform extraction...
            + Initializing product from transform
               + Loading summary info from file
               - Loading summary info from file
               SummaryInfo loaded from transform "C:\Windows\TEMP\6480.tmp"
               Summaryinfo Revision Number: {45CF1FC5-44DF-4DE6-981C-BBB5E6465E5A}8.0.50728;{45CF1FC5-44DF-4DE6-981C-BBB5E6465E5A}8.0.50728;{B4160C68-1EA5-458F-B1EA-E69B41E44007}
               summaryinfo Template: Intel;1040
            - Initializing product from transform
            + Creating temporary file
            - Creating temporary file
            + Transform extraction...
               Extracting transform 'T369_253ToU866_253' to "C:\Windows\TEMP\65A9.tmp"
            - Transform extraction...
            + Initializing product from transform
               + Loading summary info from file
               - Loading summary info from file
               SummaryInfo loaded from transform "C:\Windows\TEMP\65A9.tmp"
               Summaryinfo Revision Number: {970C3A48-C60E-44CA-8FEF-0A6B313F61C3}8.0.50728;{970C3A48-C60E-44CA-8FEF-0A6B313F61C3}8.0.50728;{1DCA4101-634B-47E3-A526-2528C1F466CE}
               summaryinfo Template: Intel;1042
            - Initializing product from transform
            + Creating temporary file
            - Creating temporary file
            + Transform extraction...
               Extracting transform 'T369_258ToU866_258' to "C:\Windows\TEMP\6608.tmp"
            - Transform extraction...
            + Initializing product from transform
               + Loading summary info from file
               - Loading summary info from file
               SummaryInfo loaded from transform "C:\Windows\TEMP\6608.tmp"
               Summaryinfo Revision Number: {F0610412-CA3B-4120-873B-D4EF770F0D64}8.0.50728;{F0610412-CA3B-4120-873B-D4EF770F0D64}8.0.50728;{EC50BF0A-3064-11D5-A54A-0090278A1BB8}
               summaryinfo Template: Intel;1042
            - Initializing product from transform
            + Creating temporary file
            - Creating temporary file
            + Transform extraction...
               Extracting transform 'T369_259ToU866_259' to "C:\Windows\TEMP\6695.tmp"
            - Transform extraction...
            + Initializing product from transform
               + Loading summary info from file
               - Loading summary info from file
               SummaryInfo loaded from transform "C:\Windows\TEMP\6695.tmp"
               Summaryinfo Revision Number: {2F0916A3-BE1A-4D7F-AE01-857002BBE7AA}8.0.50728;{2F0916A3-BE1A-4D7F-AE01-857002BBE7AA}8.0.50728;{03585982-D623-4824-B0B7-2A428571FA01}
               summaryinfo Template: Intel;1042
            - Initializing product from transform
            + Creating temporary file
            - Creating temporary file
            + Transform extraction...
               Extracting transform 'T369_260ToU866_260' to "C:\Windows\TEMP\66F4.tmp"
            - Transform extraction...
            + Initializing product from transform
               + Loading summary info from file
               - Loading summary info from file
               SummaryInfo loaded from transform "C:\Windows\TEMP\66F4.tmp"
               Summaryinfo Revision Number: {005F0412-7771-462B-9F29-1D3D5A587E61}8.0.50728;{005F0412-7771-462B-9F29-1D3D5A587E61}8.0.50728;{35A0742A-0089-46E6-A442-A07B96BB8732}
               summaryinfo Template: Intel;1042
            - Initializing product from transform
            + Creating temporary file
            - Creating temporary file
            + Transform extraction...
               Extracting transform 'T369_261ToU866_261' to "C:\Windows\TEMP\681D.tmp"
            - Transform extraction...
            + Initializing product from transform
               + Loading summary info from file
               - Loading summary info from file
               SummaryInfo loaded from transform "C:\Windows\TEMP\681D.tmp"
               Summaryinfo Revision Number: {C4B1A450-7CB9-4F3C-853C-B1C9A7222F9E}8.0.50728;{C4B1A450-7CB9-4F3C-853C-B1C9A7222F9E}8.0.50728;{642555CB-D408-4B1E-AAEF-103CBFDCCBE1}
               summaryinfo Template: Intel;1042
            - Initializing product from transform
            + Creating temporary file
            - Creating temporary file
            + Transform extraction...
               Extracting transform 'T369_262ToU866_262' to "C:\Windows\TEMP\6985.tmp"
            - Transform extraction...
            + Initializing product from transform
               + Loading summary info from file
               - Loading summary info from file
               SummaryInfo loaded from transform "C:\Windows\TEMP\6985.tmp"
               Summaryinfo Revision Number: {3AD87667-690E-48C5-B12C-30EF913D6672}8.0.50728;{3AD87667-690E-48C5-B12C-30EF913D6672}8.0.50728;{3F2FC674-F6B0-41E1-B57F-F2FA39222A1F}
               summaryinfo Template: Intel;1042
            - Initializing product from transform
            + Creating temporary file
            - Creating temporary file
            + Transform extraction...
               Extracting transform 'T369_263ToU866_263' to "C:\Windows\TEMP\6A13.tmp"
            - Transform extraction...
            + Initializing product from transform
               + Loading summary info from file
               - Loading summary info from file
               SummaryInfo loaded from transform "C:\Windows\TEMP\6A13.tmp"
               Summaryinfo Revision Number: {24F8C49D-429E-4C13-9A01-4A60ECA8783C}8.0.50728;{24F8C49D-429E-4C13-9A01-4A60ECA8783C}8.0.50728;{B4160C68-1EA5-458F-B1EA-E69B41E44007}
               summaryinfo Template: Intel;1042
            - Initializing product from transform
            + Creating temporary file
            - Creating temporary file
            + Transform extraction...
               Extracting transform 'T369_285ToU866_285' to "C:\Windows\TEMP\6A90.tmp"
            - Transform extraction...
            + Initializing product from transform
               + Loading summary info from file
               - Loading summary info from file
               SummaryInfo loaded from transform "C:\Windows\TEMP\6A90.tmp"
               Summaryinfo Revision Number: {3111F1D6-A493-4EFF-B5A4-AE3AAA7F250B}8.0.50728;{3111F1D6-A493-4EFF-B5A4-AE3AAA7F250B}8.0.50728;{1DCA4101-634B-47E3-A526-2528C1F466CE}
               summaryinfo Template: Intel;3082
            - Initializing product from transform
            + Creating temporary file
            - Creating temporary file
            + Transform extraction...
               Extracting transform 'T369_29ToU866_29' to "C:\Windows\TEMP\6AEF.tmp"
            - Transform extraction...
            + Initializing product from transform
               + Loading summary info from file
               - Loading summary info from file
               SummaryInfo loaded from transform "C:\Windows\TEMP\6AEF.tmp"
               Summaryinfo Revision Number: {437AB8E0-FB69-4222-B280-A64F3DE22591}8.0.50728;{437AB8E0-FB69-4222-B280-A64F3DE22591}8.0.50728;{EC50BF0A-3064-11D5-A54A-0090278A1BB8}
               summaryinfo Template: Intel;1033
            - Initializing product from transform
            + Creating temporary file
            - Creating temporary file
            + Transform extraction...
               Extracting transform 'T369_290ToU866_290' to "C:\Windows\TEMP\6B6D.tmp"
            - Transform extraction...
            + Initializing product from transform
               + Loading summary info from file
               - Loading summary info from file
               SummaryInfo loaded from transform "C:\Windows\TEMP\6B6D.tmp"
               Summaryinfo Revision Number: {40610C0A-B084-41E9-A591-0695B548FF2A}8.0.50728;{40610C0A-B084-41E9-A591-0695B548FF2A}8.0.50728;{EC50BF0A-3064-11D5-A54A-0090278A1BB8}
               summaryinfo Template: Intel;3082
            - Initializing product from transform
            + Creating temporary file
            - Creating temporary file
            + Transform extraction...
               Extracting transform 'T369_291ToU866_291' to "C:\Windows\TEMP\6BDB.tmp"
            - Transform extraction...
            + Initializing product from transform
               + Loading summary info from file
               - Loading summary info from file
               SummaryInfo loaded from transform "C:\Windows\TEMP\6BDB.tmp"
               Summaryinfo Revision Number: {40A1428B-07F4-43BF-9317-0EFFFB75818F}8.0.50728;{40A1428B-07F4-43BF-9317-0EFFFB75818F}8.0.50728;{03585982-D623-4824-B0B7-2A428571FA01}
               summaryinfo Template: Intel;3082
            - Initializing product from transform
            + Creating temporary file
            - Creating temporary file
            + Transform extraction...
               Extracting transform 'T369_292ToU866_292' to "C:\Windows\TEMP\6C49.tmp"
            - Transform extraction...
            + Initializing product from transform
               + Loading summary info from file
               - Loading summary info from file
               SummaryInfo loaded from transform "C:\Windows\TEMP\6C49.tmp"
               Summaryinfo Revision Number: {C05F0C0A-E7B0-4624-959D-B14F6EB27BC0}8.0.50728;{C05F0C0A-E7B0-4624-959D-B14F6EB27BC0}8.0.50728;{35A0742A-0089-46E6-A442-A07B96BB8732}
               summaryinfo Template: Intel;3082
            - Initializing product from transform
            + Creating temporary file
            - Creating temporary file
            + Transform extraction...
               Extracting transform 'T369_293ToU866_293' to "C:\Windows\TEMP\6CF6.tmp"
            - Transform extraction...
            + Initializing product from transform
               + Loading summary info from file
               - Loading summary info from file
               SummaryInfo loaded from transform "C:\Windows\TEMP\6CF6.tmp"
               Summaryinfo Revision Number: {517B0FB0-A249-43FA-AE2F-755200C3D684}8.0.50728;{517B0FB0-A249-43FA-AE2F-755200C3D684}8.0.50728;{642555CB-D408-4B1E-AAEF-103CBFDCCBE1}
               summaryinfo Template: Intel;3082
            - Initializing product from transform
            + Creating temporary file
            - Creating temporary file
            + Transform extraction...
               Extracting transform 'T369_294ToU866_294' to "C:\Windows\TEMP\6D74.tmp"
            - Transform extraction...
            + Initializing product from transform
               + Loading summary info from file
               - Loading summary info from file
               SummaryInfo loaded from transform "C:\Windows\TEMP\6D74.tmp"
               Summaryinfo Revision Number: {861B934A-5997-483D-B008-E276D827E337}8.0.50728;{861B934A-5997-483D-B008-E276D827E337}8.0.50728;{3F2FC674-F6B0-41E1-B57F-F2FA39222A1F}
               summaryinfo Template: Intel;3082
            - Initializing product from transform
            + Creating temporary file
            - Creating temporary file
            + Transform extraction...
               Extracting transform 'T369_295ToU866_295' to "C:\Windows\TEMP\6DF1.tmp"
            - Transform extraction...
            + Initializing product from transform
               + Loading summary info from file
               - Loading summary info from file
               SummaryInfo loaded from transform "C:\Windows\TEMP\6DF1.tmp"
               Summaryinfo Revision Number: {BE73021B-1B18-48FC-99AC-F2C8552B9D3E}8.0.50728;{BE73021B-1B18-48FC-99AC-F2C8552B9D3E}8.0.50728;{B4160C68-1EA5-458F-B1EA-E69B41E44007}
               summaryinfo Template: Intel;3082
            - Initializing product from transform
            + Creating temporary file
            - Creating temporary file
            + Transform extraction...
               Extracting transform 'T369_30ToU866_30' to "C:\Windows\TEMP\6E6F.tmp"
            - Transform extraction...
            + Initializing product from transform
               + Loading summary info from file
               - Loading summary info from file
               SummaryInfo loaded from transform "C:\Windows\TEMP\6E6F.tmp"
               Summaryinfo Revision Number: {D407F7C0-579E-4CCB-91FD-855CE5084E86}8.0.50728;{D407F7C0-579E-4CCB-91FD-855CE5084E86}8.0.50728;{03585982-D623-4824-B0B7-2A428571FA01}
               summaryinfo Template: Intel;1033
            - Initializing product from transform
            + Creating temporary file
            - Creating temporary file
            + Transform extraction...
               Extracting transform 'T369_31ToU866_31' to "C:\Windows\TEMP\6EFD.tmp"
            - Transform extraction...
            + Initializing product from transform
               + Loading summary info from file
               - Loading summary info from file
               SummaryInfo loaded from transform "C:\Windows\TEMP\6EFD.tmp"
               Summaryinfo Revision Number: {A0900EBB-7780-48ED-B3FB-2965A7584882}8.0.50728;{A0900EBB-7780-48ED-B3FB-2965A7584882}8.0.50728;{35A0742A-0089-46E6-A442-A07B96BB8732}
               summaryinfo Template: Intel;1033
            - Initializing product from transform
            + Creating temporary file
            - Creating temporary file
            + Transform extraction...
               Extracting transform 'T369_32ToU866_32' to "C:\Windows\TEMP\70C2.tmp"
            - Transform extraction...
            + Initializing product from transform
               + Loading summary info from file
               - Loading summary info from file
               SummaryInfo loaded from transform "C:\Windows\TEMP\70C2.tmp"
               Summaryinfo Revision Number: {1B041548-33BC-4174-8B97-ADC9B7948488}8.0.50728;{1B041548-33BC-4174-8B97-ADC9B7948488}8.0.50728;{642555CB-D408-4B1E-AAEF-103CBFDCCBE1}
               summaryinfo Template: Intel;1033
            - Initializing product from transform
            + Creating temporary file
            - Creating temporary file
            + Transform extraction...
               Extracting transform 'T369_33ToU866_33' to "C:\Windows\TEMP\72A7.tmp"
            - Transform extraction...
            + Initializing product from transform
               + Loading summary info from file
               - Loading summary info from file
               SummaryInfo loaded from transform "C:\Windows\TEMP\72A7.tmp"
               Summaryinfo Revision Number: {84B510E8-9BE0-4A99-9F30-093A60D50E77}8.0.50728;{84B510E8-9BE0-4A99-9F30-093A60D50E77}8.0.50728;{3F2FC674-F6B0-41E1-B57F-F2FA39222A1F}
               summaryinfo Template: Intel;1033
            - Initializing product from transform
            + Creating temporary file
            - Creating temporary file
            + Transform extraction...
               Extracting transform 'T369_34ToU866_34' to "C:\Windows\TEMP\7363.tmp"
            - Transform extraction...
            + Initializing product from transform
               + Loading summary info from file
               - Loading summary info from file
               SummaryInfo loaded from transform "C:\Windows\TEMP\7363.tmp"
               Summaryinfo Revision Number: {1862162E-3BBC-448F-AA63-49F33152D54A}8.0.50728;{1862162E-3BBC-448F-AA63-49F33152D54A}8.0.50728;{B4160C68-1EA5-458F-B1EA-E69B41E44007}
               summaryinfo Template: Intel;1033
            - Initializing product from transform
            + Creating temporary file
            - Creating temporary file
            + Transform extraction...
               Extracting transform 'T369_57ToU866_57' to "C:\Windows\TEMP\740F.tmp"
            - Transform extraction...
            + Initializing product from transform
               + Loading summary info from file
               - Loading summary info from file
               SummaryInfo loaded from transform "C:\Windows\TEMP\740F.tmp"
               Summaryinfo Revision Number: {09225998-4E1B-4F85-9BA2-E2D07FDBD287}8.0.50728;{09225998-4E1B-4F85-9BA2-E2D07FDBD287}8.0.50728;{1DCA4101-634B-47E3-A526-2528C1F466CE}
               summaryinfo Template: Intel;1041
            - Initializing product from transform
            + Creating temporary file
            - Creating temporary file
            + Transform extraction...
               Extracting transform 'T369_62ToU866_62' to "C:\Windows\TEMP\748D.tmp"
            - Transform extraction...
            + Initializing product from transform
               + Loading summary info from file
               - Loading summary info from file
               SummaryInfo loaded from transform "C:\Windows\TEMP\748D.tmp"
               Summaryinfo Revision Number: {ACC34AB5-6798-4E77-B0B4-8CB26D587D57}8.0.50728;{ACC34AB5-6798-4E77-B0B4-8CB26D587D57}8.0.50728;{EC50BF0A-3064-11D5-A54A-0090278A1BB8}
               summaryinfo Template: Intel;1041
            - Initializing product from transform
            + Creating temporary file
            - Creating temporary file
            + Transform extraction...
               Extracting transform 'T369_63ToU866_63' to "C:\Windows\TEMP\750B.tmp"
            - Transform extraction...
            + Initializing product from transform
               + Loading summary info from file
               - Loading summary info from file
               SummaryInfo loaded from transform "C:\Windows\TEMP\750B.tmp"
               Summaryinfo Revision Number: {53C799C7-01DB-446F-9399-4DA4159A1D17}8.0.50728;{53C799C7-01DB-446F-9399-4DA4159A1D17}8.0.50728;{03585982-D623-4824-B0B7-2A428571FA01}
               summaryinfo Template: Intel;1041
            - Initializing product from transform
            + Creating temporary file
            - Creating temporary file
            + Transform extraction...
               Extracting transform 'T369_64ToU866_64' to "C:\Windows\TEMP\7589.tmp"
            - Transform extraction...
            + Initializing product from transform
               + Loading summary info from file
               - Loading summary info from file
               SummaryInfo loaded from transform "C:\Windows\TEMP\7589.tmp"
               Summaryinfo Revision Number: {DE43BCD7-615A-47EC-BDD0-A04F8C903542}8.0.50728;{DE43BCD7-615A-47EC-BDD0-A04F8C903542}8.0.50728;{35A0742A-0089-46E6-A442-A07B96BB8732}
               summaryinfo Template: Intel;1041
            - Initializing product from transform
            + Creating temporary file
            - Creating temporary file
            + Transform extraction...
               Extracting transform 'T369_65ToU866_65' to "C:\Windows\TEMP\7607.tmp"
            - Transform extraction...
            + Initializing product from transform
               + Loading summary info from file
               - Loading summary info from file
               SummaryInfo loaded from transform "C:\Windows\TEMP\7607.tmp"
               Summaryinfo Revision Number: {464B27B4-BE14-4195-A08F-46DB01C8B4DF}8.0.50728;{464B27B4-BE14-4195-A08F-46DB01C8B4DF}8.0.50728;{642555CB-D408-4B1E-AAEF-103CBFDCCBE1}
               summaryinfo Template: Intel;1041
            - Initializing product from transform
            + Creating temporary file
            - Creating temporary file
            + Transform extraction...
               Extracting transform 'T369_66ToU866_66' to "C:\Windows\TEMP\7684.tmp"
            - Transform extraction...
            + Initializing product from transform
               + Loading summary info from file
               - Loading summary info from file
               SummaryInfo loaded from transform "C:\Windows\TEMP\7684.tmp"
               Summaryinfo Revision Number: {89230576-6CC3-4FF8-A2FF-403173B8A33F}8.0.50728;{89230576-6CC3-4FF8-A2FF-403173B8A33F}8.0.50728;{3F2FC674-F6B0-41E1-B57F-F2FA39222A1F}
               summaryinfo Template: Intel;1041
            - Initializing product from transform
            + Creating temporary file
            - Creating temporary file
            + Transform extraction...
               Extracting transform 'T369_67ToU866_67' to "C:\Windows\TEMP\783A.tmp"
            - Transform extraction...
            + Initializing product from transform
               + Loading summary info from file
               - Loading summary info from file
               SummaryInfo loaded from transform "C:\Windows\TEMP\783A.tmp"
               Summaryinfo Revision Number: {2A945E2F-2695-46E6-9322-FB7673EB84B6}8.0.50728;{2A945E2F-2695-46E6-9322-FB7673EB84B6}8.0.50728;{B4160C68-1EA5-458F-B1EA-E69B41E44007}
               summaryinfo Template: Intel;1041
            - Initializing product from transform
            + Creating temporary file
            - Creating temporary file
            + Transform extraction...
               Extracting transform 'T369_90ToU866_90' to "C:\Windows\TEMP\79F0.tmp"
            - Transform extraction...
            + Initializing product from transform
               + Loading summary info from file
               - Loading summary info from file
               SummaryInfo loaded from transform "C:\Windows\TEMP\79F0.tmp"
               Summaryinfo Revision Number: {D9FC1645-9D32-4F08-84FA-CB9DDDF02EC8}8.0.50728;{D9FC1645-9D32-4F08-84FA-CB9DDDF02EC8}8.0.50728;{1DCA4101-634B-47E3-A526-2528C1F466CE}
               summaryinfo Template: Intel;1036
            - Initializing product from transform
            + Creating temporary file
            - Creating temporary file
            + Transform extraction...
               Extracting transform 'T369_95ToU866_95' to "C:\Windows\TEMP\7A2F.tmp"
            - Transform extraction...
            + Initializing product from transform
               + Loading summary info from file
               - Loading summary info from file
               SummaryInfo loaded from transform "C:\Windows\TEMP\7A2F.tmp"
               Summaryinfo Revision Number: {D061040C-EAF9-4F1B-B0CA-060A31115151}8.0.50728;{D061040C-EAF9-4F1B-B0CA-060A31115151}8.0.50728;{EC50BF0A-3064-11D5-A54A-0090278A1BB8}
               summaryinfo Template: Intel;1036
            - Initializing product from transform
            + Creating temporary file
            - Creating temporary file
            + Transform extraction...
               Extracting transform 'T369_96ToU866_96' to "C:\Windows\TEMP\7AAD.tmp"
            - Transform extraction...
            + Initializing product from transform
               + Loading summary info from file
               - Loading summary info from file
               SummaryInfo loaded from transform "C:\Windows\TEMP\7AAD.tmp"
               Summaryinfo Revision Number: {BED93095-B017-4B83-9620-6EE00335AAF3}8.0.50728;{BED93095-B017-4B83-9620-6EE00335AAF3}8.0.50728;{03585982-D623-4824-B0B7-2A428571FA01}
               summaryinfo Template: Intel;1036
            - Initializing product from transform
            + Creating temporary file
            - Creating temporary file
            + Transform extraction...
               Extracting transform 'T369_97ToU866_97' to "C:\Windows\TEMP\7B2B.tmp"
            - Transform extraction...
            + Initializing product from transform
               + Loading summary info from file
               - Loading summary info from file
               SummaryInfo loaded from transform "C:\Windows\TEMP\7B2B.tmp"
               Summaryinfo Revision Number: {505F040C-97F6-4BAE-BBDB-A0CAF4FE72D0}8.0.50728;{505F040C-97F6-4BAE-BBDB-A0CAF4FE72D0}8.0.50728;{35A0742A-0089-46E6-A442-A07B96BB8732}
               summaryinfo Template: Intel;1036
            - Initializing product from transform
            + Creating temporary file
            - Creating temporary file
            + Transform extraction...
               Extracting transform 'T369_98ToU866_98' to "C:\Windows\TEMP\7BA9.tmp"
            - Transform extraction...
            + Initializing product from transform
               + Loading summary info from file
               - Loading summary info from file
               SummaryInfo loaded from transform "C:\Windows\TEMP\7BA9.tmp"
               Summaryinfo Revision Number: {B22D6FA6-F89C-48F7-8A8D-CEAB4C803801}8.0.50728;{B22D6FA6-F89C-48F7-8A8D-CEAB4C803801}8.0.50728;{642555CB-D408-4B1E-AAEF-103CBFDCCBE1}
               summaryinfo Template: Intel;1036
            - Initializing product from transform
            + Creating temporary file
            - Creating temporary file
            + Transform extraction...
               Extracting transform 'T369_99ToU866_99' to "C:\Windows\TEMP\7C17.tmp"
            - Transform extraction...
            + Initializing product from transform
               + Loading summary info from file
               - Loading summary info from file
               SummaryInfo loaded from transform "C:\Windows\TEMP\7C17.tmp"
               Summaryinfo Revision Number: {44FF800C-3A33-42D9-B0CC-09DA70C3C12C}8.0.50728;{44FF800C-3A33-42D9-B0CC-09DA70C3C12C}8.0.50728;{3F2FC674-F6B0-41E1-B57F-F2FA39222A1F}
               summaryinfo Template: Intel;1036
            - Initializing product from transform
         - Initializing patch object from patch package
         + Installing patch
            Product: (null)
            validating products...
            + Validate product version
               VersionString: 8.0.50728
               Version was valid
            - Validate product version
            + Validate product language
               Language: 1033
               Language was valid
            - Validate product language
            + Validate product upgrade code
               retrieving package local package path
               Local package found at "C:\Windows\Installer\2f949f.msi"
            - Validate product upgrade code
            Product {437AB8E0-FB69-4222-B280-A64F3DE22591} enabled and valid
            + Updating MSI log file name
               Name set to: "C:\Windows\TEMP\VS80sp1-KB2538218-v2-X86-INTL\VS80sp1-KB2538218-v2-X86-INTL-msi.0.log"
               + AddFileToKeep Logging
               - AddFileToKeep Logging
            - Updating MSI log file name
            + Core patch application
               Target Product: {437AB8E0-FB69-4222-B280-A64F3DE22591}
               Command line: "C:\Windows\system32\msiexec.exe" REBOOT=ReallySuppress  /i {437AB8E0-FB69-4222-B280-A64F3DE22591} PATCH="C:\Windows\TEMP\ZNW35D3\VS80sp1-KB2538218-v2-X86-INTL.msp" /q /l*v "C:\Windows\TEMP\VS80sp1-KB2538218-v2-X86-INTL\VS80sp1-KB2538218-v2-X86-INTL-msi.0.log"
               + Launching process
                  Command line: "C:\Windows\system32\msiexec.exe" REBOOT=ReallySuppress  /i {437AB8E0-FB69-4222-B280-A64F3DE22591} PATCH="C:\Windows\TEMP\ZNW35D3\VS80sp1-KB2538218-v2-X86-INTL.msp" /q /l*v "C:\Windows\TEMP\VS80sp1-KB2538218-v2-X86-INTL\VS80sp1-KB2538218-v2-X86-INTL-msi.0.log"
               - Launching process
               Command returned: 0
            - Core patch application
         - Installing patch
      - Prepare to apply the patch to all products
   - Executing Action
   + Releasing patch object
      + Releasing products
         + Releasing product
         - Releasing product
         + Releasing product
         - Releasing product
         + Releasing product
         - Releasing product
         + Releasing product
         - Releasing product
         + Releasing product
         - Releasing product
         + Releasing product
         - Releasing product
         + Releasing product
         - Releasing product
         + Releasing product
         - Releasing product
         + Releasing product
         - Releasing product
         + Releasing product
         - Releasing product
         + Releasing product
         - Releasing product
         + Releasing product
         - Releasing product
         + Releasing product
         - Releasing product
         + Releasing product
         - Releasing product
         + Releasing product
         - Releasing product
         + Releasing product
         - Releasing product
         + Releasing product
         - Releasing product
         + Releasing product
         - Releasing product
         + Releasing product
         - Releasing product
         + Releasing product
         - Releasing product
         + Releasing product
         - Releasing product
         + Releasing product
         - Releasing product
         + Releasing product
         - Releasing product
         + Releasing product
         - Releasing product
         + Releasing product
         - Releasing product
         + Releasing product
         - Releasing product
         + Releasing product
         - Releasing product
         + Releasing product
         - Releasing product
         + Releasing product
         - Releasing product
         + Releasing product
         - Releasing product
         + Releasing product
         - Releasing product
         + Releasing product
         - Releasing product
         + Releasing product
         - Releasing product
         + Releasing product
         - Releasing product
         + Releasing product
         - Releasing product
         + Releasing product
         - Releasing product
         + Releasing product
         - Releasing product
         + Releasing product
         - Releasing product
         + Releasing product
         - Releasing product
         + Releasing product
         - Releasing product
         + Releasing product
         - Releasing product
         + Releasing product
         - Releasing product
         + Releasing product
         - Releasing product
         + Releasing product
         - Releasing product
         + Releasing product
         - Releasing product
         + Releasing product
         - Releasing product
         + Releasing product
         - Releasing product
         + Releasing product
         - Releasing product
         + Releasing product
         - Releasing product
         + Releasing product
         - Releasing product
         + Releasing product
         - Releasing product
         + Releasing product
         - Releasing product
         + Releasing product
         - Releasing product
         + Releasing product
         - Releasing product
         + Releasing product
         - Releasing product
         + Releasing product
         - Releasing product
         + Releasing product
         - Releasing product
         + Releasing product
         - Releasing product
         + Releasing product
         - Releasing product
         + Releasing product
         - Releasing product
         + Releasing product
         - Releasing product
         + Releasing product
         - Releasing product
         + Releasing product
         - Releasing product
         + Releasing product
         - Releasing product
         + Releasing product
         - Releasing product
         + Releasing product
         - Releasing product
         + Releasing product
         - Releasing product
         + Releasing product
         - Releasing product
         + Releasing product
         - Releasing product
         + Releasing product
         - Releasing product
         + Releasing product
         - Releasing product
         + Releasing product
         - Releasing product
         + Releasing product
         - Releasing product
         + Releasing product
         - Releasing product
         + Releasing product
         - Releasing product
         + Releasing product
         - Releasing product
         + Releasing product
         - Releasing product
         + Releasing product
         - Releasing product
         + Releasing product
         - Releasing product
         + Releasing product
         - Releasing product
         + Releasing product
         - Releasing product
         + Releasing product
         - Releasing product
         + Releasing product
         - Releasing product
         + Releasing product
         - Releasing product
         + Releasing product
         - Releasing product
         + Releasing product
         - Releasing product
         + Releasing product
         - Releasing product
         + Releasing product
         - Releasing product
         + Releasing product
         - Releasing product
         + Releasing product
         - Releasing product
         + Releasing product
         - Releasing product
         + Releasing product
         - Releasing product
         + Releasing product
         - Releasing product
         + Releasing product
         - Releasing product
         + Releasing product
         - Releasing product
         + Releasing product
         - Releasing product
         + Releasing product
         - Releasing product
         + Releasing product
         - Releasing product
         + Releasing product
         - Releasing product
         + Releasing product
         - Releasing product
         + Releasing product
         - Releasing product
         + Releasing product
         - Releasing product
         + Releasing product
         - Releasing product
         + Releasing product
         - Releasing product
         + Releasing product
         - Releasing product
         + Releasing product
         - Releasing product
         + Releasing product
         - Releasing product
         + Releasing product
         - Releasing product
         + Releasing product
         - Releasing product
         + Releasing product
         - Releasing product
         + Releasing product
         - Releasing product
         + Releasing product
         - Releasing product
         + Releasing product
         - Releasing product
         + Releasing product
         - Releasing product
         + Releasing product
         - Releasing product
         + Releasing product
         - Releasing product
         + Releasing product
         - Releasing product
         + Releasing product
         - Releasing product
         + Releasing product
         - Releasing product
         + Releasing product
         - Releasing product
         + Releasing product
         - Releasing product
         + Releasing product
         - Releasing product
         + Releasing product
         - Releasing product
         + Releasing product
         - Releasing product
         + Releasing product
         - Releasing product
         + Releasing product
         - Releasing product
      - Releasing products
   - Releasing patch object
- Launching the patch wrapper
+ Clean folder
   + Removing folder
      Folder: C:\Windows\TEMP\ZNW35D3
   - Removing folder
- Clean folder
Wrapper temporary folder has been removed
