
**************** Started trace for Module: [sti_ci.dll] in Executable [setup.exe] ProcessID: [736] at 2012/03/11 00:55:57:071 ****************
WIA: 736.740 0 0 0 [sti_ci.dll] ERROR: OnDIF_DESTROYPRIVATEDATA, Invalid argument.

**************** Started trace for Module: [wiaservc.dll] in Executable [svchost.exe] ProcessID: [1980] at 2012/03/11 23:10:26:971 ****************
WIA: 1980.1992 36676 0 0 [wiaservc.dll] ERROR: CEventNotifier::RegisterEventCallback, UnregisterEventCB failed

**************** Started trace for Module: [wiaservc.dll] in Executable [svchost.exe] ProcessID: [1168] at 2012/03/16 20:19:12:543 ****************
WIA: 1168.5632 1276213 0 0 [wiaservc.dll] ERROR: CEventNotifier::AddEventGUID, Returning failure hr = 0x80070005
WIA: 1168.5632 1276213 0 0 [wiaservc.dll] ERROR: CEventNotifier::AddEventGUID, Returning failure hr = 0x80070005
WIA: 1168.5632 1276213 0 0 [wiaservc.dll] ERROR: CEventNotifier::AddEventGUID, Trying to register application for a unknown global event
WIA: 1168.5632 1276213 0 0 [wiaservc.dll] ERROR: CEventNotifier::AddEventGUID, Returning failure hr = 0x80070057

**************** Started trace for Module: [wiaservc.dll] in Executable [svchost.exe] ProcessID: [2156] at 2012/04/04 22:20:43:156 ****************
WIA: 2156.1836 9634465 0 0 [wiaservc.dll] ERROR: CEventNotifier::AddEventGUID, Returning failure hr = 0x80070005
WIA: 2156.1836 9634481 0 0 [wiaservc.dll] ERROR: CEventNotifier::AddEventGUID, Returning failure hr = 0x80070005
WIA: 2156.1836 9634497 0 0 [wiaservc.dll] ERROR: CEventNotifier::AddEventGUID, Trying to register application for a unknown global event
WIA: 2156.1836 9634497 0 0 [wiaservc.dll] ERROR: CEventNotifier::AddEventGUID, Returning failure hr = 0x80070057

**************** Started trace for Module: [wiaservc.dll] in Executable [svchost.exe] ProcessID: [2360] at 2012/04/14 14:48:54:370 ****************
WIA: 2360.2392 37774347 0 0 [wiaservc.dll] ERROR: USDWrapper::LoadDriver, Error loading driver for (obdWebSurfers): IStiUSD::Initialize failed with hr = 0x80070006
WIA: 2360.2392 37774363 0 0 [wiaservc.dll] ERROR: USDWrapper::LoadDriver, We encountered an error attempting to load driver for (obdWebSurfers), error (0x80070006)
WIA: 2360.2392 37774363 0 0 [wiaservc.dll] ERROR: DeviceInfoSet::GetDeviceSession, SetupDiGetDeviceProperty() for Session ID failed (0xe000020b)
WIA: 2360.2392 37774363 0 0 [wiaservc.dll] ERROR: USDWrapper::LoadDriver, Error loading driver for (obdWebSurfers): IStiUSD::Initialize failed with hr = 0x80070006
WIA: 2360.2392 37774363 0 0 [wiaservc.dll] ERROR: USDWrapper::LoadDriver, We encountered an error attempting to load driver for (obdWebSurfers), error (0x80070006)
WIA: 2360.2392 37774363 0 0 [wiaservc.dll] ERROR: USDWrapper::LoadDriver, Error loading driver for (obdWebSurfers): IStiUSD::Initialize failed with hr = 0x80070006
WIA: 2360.2392 37774363 0 0 [wiaservc.dll] ERROR: USDWrapper::LoadDriver, We encountered an error attempting to load driver for (obdWebSurfers), error (0x80070006)
WIA: 2360.2392 37863408 0 0 [wiaservc.dll] ERROR: USDWrapper::LoadDriver, Error loading driver for (obdWebSurfers): IStiUSD::Initialize failed with hr = 0x80070006
WIA: 2360.2392 37863408 0 0 [wiaservc.dll] ERROR: USDWrapper::LoadDriver, We encountered an error attempting to load driver for (obdWebSurfers), error (0x80070006)
WIA: 2360.2392 39124036 0 0 [wiaservc.dll] ERROR: USDWrapper::LoadDriver, Error loading driver for (obdWebSurfers): IStiUSD::Initialize failed with hr = 0x80070006
WIA: 2360.2392 39124036 0 0 [wiaservc.dll] ERROR: USDWrapper::LoadDriver, We encountered an error attempting to load driver for (obdWebSurfers), error (0x80070006)
WIA: 2360.2392 41850357 0 0 [wiaservc.dll] ERROR: USDWrapper::LoadDriver, Error loading driver for (obdWebSurfers): IStiUSD::Initialize failed with hr = 0x80070006
WIA: 2360.2392 41850357 0 0 [wiaservc.dll] ERROR: USDWrapper::LoadDriver, We encountered an error attempting to load driver for (obdWebSurfers), error (0x80070006)
WIA: 2360.2392 41865941 0 0 [wiaservc.dll] ERROR: USDWrapper::LoadDriver, Error loading driver for (obdWebSurfers): IStiUSD::Initialize failed with hr = 0x80070006
WIA: 2360.2392 41865941 0 0 [wiaservc.dll] ERROR: USDWrapper::LoadDriver, We encountered an error attempting to load driver for (obdWebSurfers), error (0x80070006)
WIA: 2360.2392 42211015 0 0 [wiaservc.dll] ERROR: USDWrapper::LoadDriver, Error loading driver for (obdWebSurfers): IStiUSD::Initialize failed with hr = 0x80070006
WIA: 2360.2392 42211015 0 0 [wiaservc.dll] ERROR: USDWrapper::LoadDriver, We encountered an error attempting to load driver for (obdWebSurfers), error (0x80070006)

**************** Started trace for Module: [wiaservc.dll] in Executable [svchost.exe] ProcessID: [2196] at 2012/04/17 10:05:20:125 ****************
WIA: 2196.3424 29928105 0 0 [wiaservc.dll] ERROR: CEventNotifier::AddEventGUID, Returning failure hr = 0x80070005
WIA: 2196.3424 29928121 0 0 [wiaservc.dll] ERROR: CEventNotifier::AddEventGUID, Returning failure hr = 0x80070005
WIA: 2196.3424 29928121 0 0 [wiaservc.dll] ERROR: CEventNotifier::AddEventGUID, Trying to register application for a unknown global event
WIA: 2196.3424 29928121 0 0 [wiaservc.dll] ERROR: CEventNotifier::AddEventGUID, Returning failure hr = 0x80070057

**************** Started trace for Module: [wiaservc.dll] in Executable [svchost.exe] ProcessID: [2180] at 2012/04/24 23:25:31:353 ****************
WIA: 2180.6608 7102211 0 0 [wiaservc.dll] ERROR: CEventNotifier::RegisterEventCallback, DeviceID required to set default handler

**************** Started trace for Module: [wiaservc.dll] in Executable [svchost.exe] ProcessID: [2748] at 2012/05/14 02:35:09:452 ****************
WIA: 2748.3708 478392 0 0 [wiaservc.dll] ERROR: USDWrapper::LoadDriver, Error loading driver for (obdWebSurfers): IStiUSD::Initialize failed with hr = 0x80070006
WIA: 2748.3708 478424 0 0 [wiaservc.dll] ERROR: USDWrapper::LoadDriver, We encountered an error attempting to load driver for (obdWebSurfers), error (0x80070006)
