
[7536] 05-06 01:36:45:944: Skipping VPNCheckInetConnPage page as it is not required
[7536] 05-06 01:36:45:944: CRASHookPage::CanRunPage
[7536] 05-06 01:40:16:874: OnClickAllUserProfile:Successfully add RegisterInterfaceInGlobal for IID_IRasGcwLUA
[5184] 05-06 01:40:39:977: CRASHookPage::OnApply.
[5184] 05-06 01:40:44:015: CRASHookPage::OnApply: Entry:[Nokia VPN],Pbk:[]
[5184] 05-06 01:40:49:957: CRASHookPage::OnApply:CreateRASEntry result. hr = 0
[7536] 05-06 01:40:52:031: RAS:CRASConnectionTestingPage::PageDlgProc: PSN_SETACTIVE: PSN_WIZNEXT
[9528] 05-06 01:40:52:047: GetRASConnectionPropertiesFromPropertyBag: Got RasConnectionDetails
[7536] 05-06 01:40:52:614: RAS:RasDialInternalCallBack:Connecting to Nokia VPN...:Opening port...:Ret:1
[7536] 05-06 01:40:53:164: RAS:RasDialInternalCallBack:Connecting to Nokia VPN...:Port opened.:Ret:1
[7536] 05-06 01:40:55:211: RAS:RasDialInternalCallBack:Connecting to Nokia VPN...:Connecting to portal.access.nokia.com using 'WAN Miniport (IKEv2)'...:Ret:1
[7536] 05-06 01:40:56:241: RAS:RasDialInternalCallBack:Connecting to Nokia VPN...:Device connected.:Ret:1
[7536] 05-06 01:40:56:381: RAS:RasDialInternalCallBack:Connecting to Nokia VPN...:All devices connected.:Ret:1
[7536] 05-06 01:40:56:646: RAS:RasDialInternalCallBack:Connecting to Nokia VPN...:Verifying user name and password...:Ret:1
[7536] 05-06 01:40:58:752: RAS:RasDialInternalCallBack:Connecting to Nokia VPN...:Verifying user name and password...:Ret:1
[7536] 05-06 01:40:59:018: RAS:RasDialInternalCallBack:Connecting to Nokia VPN...:Opening port...:Ret:1
[7536] 05-06 01:40:59:486: RAS:RasDialInternalCallBack:Connecting to Nokia VPN...:Port opened.:Ret:1
[7536] 05-06 01:41:00:095: RAS:RasDialInternalCallBack:Connecting to Nokia VPN...:Connecting to portal.access.nokia.com using 'WAN Miniport (SSTP)'...:Ret:1
[7536] 05-06 01:42:00:660: RAS:RasDialInternalCallBack:Connecting to Nokia VPN...:Opening port...:Ret:1
[7536] 05-06 01:42:01:179: RAS:RasDialInternalCallBack:Connecting to Nokia VPN...:Port opened.:Ret:1
[7536] 05-06 01:42:02:802: RAS:RasDialInternalCallBack:Connecting to Nokia VPN...:Connecting to portal.access.nokia.com using 'WAN Miniport (PPTP)'...:Ret:1
[7536] 05-06 01:42:24:597: RAS:RasDialInternalCallBack:Connecting to Nokia VPN...:Opening port...:Ret:1
[7536] 05-06 01:42:25:173: RAS:RasDialInternalCallBack:Connecting to Nokia VPN...:Port opened.:Ret:1
[7536] 05-06 01:42:26:854: RAS:RasDialInternalCallBack:Connecting to Nokia VPN...:Connecting to portal.access.nokia.com using 'WAN Miniport (L2TP)'...:Ret:1
[9528] 05-06 01:42:28:086: ConnectThread:RasDialDlg failed with error: 800
[9528] 05-06 01:42:28:102: ConnectThread: Going to next page
[9528] 05-06 01:42:28:102: ConnectThread: Done
[7536] 05-06 01:42:28:102: RAS:CRASConnectionTestingPage::PageDlgProc: PSN_WIZNEXT: Closing thread handle.
[7536] 05-06 01:54:28:860: RAS:CRASConnectionTestingPage::PageDlgProc: PSN_SETACTIVE: PSN_WIZNEXT
[4856] 05-06 01:54:29:204: GetRASConnectionPropertiesFromPropertyBag: Got RasConnectionDetails
[7536] 05-06 01:54:29:544: RAS:RasDialInternalCallBack:Connecting to Nokia VPN...:Opening port...:Ret:1
[7536] 05-06 01:54:29:844: RAS:RasDialInternalCallBack:Connecting to Nokia VPN...:Port opened.:Ret:1
[7536] 05-06 01:54:33:030: RAS:RasDialInternalCallBack:Connecting to Nokia VPN...:Connecting to portal.access.nokia.com using 'WAN Miniport (IKEv2)'...:Ret:1
[7536] 05-06 01:54:33:550: RAS:RasDialInternalCallBack:Connecting to Nokia VPN...:Device connected.:Ret:1
[7536] 05-06 01:54:33:670: RAS:RasDialInternalCallBack:Connecting to Nokia VPN...:All devices connected.:Ret:1
[7536] 05-06 01:54:33:760: RAS:RasDialInternalCallBack:Connecting to Nokia VPN...:Verifying user name and password...:Ret:1
[7536] 05-06 01:54:35:100: RAS:RasDialInternalCallBack:Connecting to Nokia VPN...:Verifying user name and password...:Ret:1
[7536] 05-06 01:54:35:300: RAS:RasDialInternalCallBack:Connecting to Nokia VPN...:Opening port...:Ret:1
[7536] 05-06 01:54:35:310: RAS:RasDialInternalCallBack:Connecting to Nokia VPN...:Port opened.:Ret:1
[7536] 05-06 01:54:35:310: RAS:RasDialInternalCallBack:Connecting to Nokia VPN...:Connecting to portal.access.nokia.com using 'WAN Miniport (SSTP)'...:Ret:1
[7536] 05-06 01:55:01:606: RAS:RasDialInternalCallBack:Connecting to Nokia VPN...:Opening port...:Ret:1
[7536] 05-06 01:55:01:616: RAS:RasDialInternalCallBack:Connecting to Nokia VPN...:Port opened.:Ret:1
[7536] 05-06 01:55:03:170: RAS:RasDialInternalCallBack:Connecting to Nokia VPN...:Connecting to portal.access.nokia.com using 'WAN Miniport (PPTP)'...:Ret:1
[7536] 05-06 01:55:25:461: RAS:RasDialInternalCallBack:Connecting to Nokia VPN...:Opening port...:Ret:1
[7536] 05-06 01:55:25:710: RAS:RasDialInternalCallBack:Connecting to Nokia VPN...:Port opened.:Ret:1
[7536] 05-06 01:55:27:519: RAS:RasDialInternalCallBack:Connecting to Nokia VPN...:Connecting to portal.access.nokia.com using 'WAN Miniport (L2TP)'...:Ret:1
[4856] 05-06 01:55:29:743: ConnectThread:RasDialDlg failed with error: 800
[4856] 05-06 01:55:29:759: ConnectThread: Going to next page
[4856] 05-06 01:55:29:759: ConnectThread: Done
[7536] 05-06 01:55:29:759: RAS:CRASConnectionTestingPage::PageDlgProc: PSN_WIZNEXT: Closing thread handle.
[7536] 05-06 01:56:52:636: HrInvokeDiagnostics returned:hr = 0
[7536] 05-06 01:56:52:636: CRASHookPage::OnCommit.
[7536] 05-06 01:56:52:651: CRASHookPage::OnCommit:CommitRASEntry result. hr = 0
[7536] 05-06 01:56:53:275: CRASHookPage::OnCommit:SetRASCredentials result. hr = 0