
[9528] 05-06 01:40:52:174: RasDialDlgW
[9528] 05-06 01:40:52:174: IsRasmanServiceRunning=1
[9528] 05-06 01:40:52:174: LoadRas
[9528] 05-06 01:40:52:174: RasInitialize
[9528] 05-06 01:40:52:174: RasInitialize=0
[9528] 05-06 01:40:52:174: StopWaitingForServices
[9528] 05-06 01:40:52:174: LoadRas=0
[9528] 05-06 01:40:52:174: GetUserPreferences(m=0)
[9528] 05-06 01:40:52:174: RegOpenKeyEx=2
[9528] 05-06 01:40:52:174: GetUserPreferences=0
[9528] 05-06 01:40:52:174: ReadPhonebookFileEx: called for pbk C:\ProgramData\Microsoft\Network\Connections\Pbk\rasphone.pbk, flags 0
[9528] 05-06 01:40:52:174: IsPublicPhonebook=1
[9528] 05-06 01:40:52:174: path=C:\ProgramData\Microsoft\Network\Connections\Pbk\rasphone.pbk
[9528] 05-06 01:40:52:174: full path=C:\ProgramData\Microsoft\Network\Connections\Pbk\rasphone.pbk
[9528] 05-06 01:40:52:174:  IsVirtualizationNeeded: return value = 1

[9528] 05-06 01:40:52:174: GetLUAPhonebookPath: Return value 0 hiddenpbk path C:\Users\Hoster\AppData\Roaming\Microsoft\Network\Connections\Pbk\_hiddenPbk\rasphone.pbk

[9528] 05-06 01:40:52:174: ReadRasFile: ReadEntryList returned 0
[9528] 05-06 01:40:52:174: SyncMasterPhonebookFile:++
[9528] 05-06 01:40:52:174: IsPublicPhonebook=1
[9528] 05-06 01:40:52:174: path=C:\ProgramData\Microsoft\Network\Connections\Pbk\rasphone.pbk
[9528] 05-06 01:40:52:174: full path=C:\ProgramData\Microsoft\Network\Connections\Pbk\rasphone.pbk
[9528] 05-06 01:40:52:174: ENTRY: Reading "Nokia VPN"
[9528] 05-06 01:40:52:174: 
Before LoadPortsList2 in ReadEntryList()
[9528] 05-06 01:40:52:174: LoadPortsList2
[9528] 05-06 01:40:52:174: GetRasPorts
[9528] 05-06 01:40:52:174: RasPortEnum...
[9528] 05-06 01:40:52:184: RasPortEnum=603,c=12
[9528] 05-06 01:40:52:184: RasPortEnum...
[9528] 05-06 01:40:52:214: RasPortEnum=0,c=12
[9528] 05-06 01:40:52:254: RasGetDevConfig
[9528] 05-06 01:40:52:374: RasGetDevConfig=603
[9528] 05-06 01:40:52:374: RasGetDevConfig
[9528] 05-06 01:40:52:374: RasGetDevConfig=0
[9528] 05-06 01:40:52:374: SanitizeUnimodemBlob: mdm prot=0
[9528] 05-06 01:40:52:374: Port=COM3,fHw=1,fEc=1,bps=115200,fSp=1,prot=0
[9528] 05-06 01:40:52:374: StringCchCopy failed due to error 0x8007007a
[9528] 05-06 01:40:52:374: RasGetDevConfig
[9528] 05-06 01:40:52:374: RasGetDevConfig=603
[9528] 05-06 01:40:52:374: RasGetDevConfig
[9528] 05-06 01:40:52:374: RasGetDevConfig=0
[9528] 05-06 01:40:52:374: SanitizeUnimodemBlob: mdm prot=0
[9528] 05-06 01:40:52:374: Port=COM5,fHw=1,fEc=0,bps=460800,fSp=0,prot=0
[9528] 05-06 01:40:52:374: StringCchCopy failed due to error 0x8007007a
[9528] 05-06 01:40:52:374: RasGetDevConfig
[9528] 05-06 01:40:52:374: RasGetDevConfig=603
[9528] 05-06 01:40:52:374: RasGetDevConfig
[9528] 05-06 01:40:52:374: RasGetDevConfig=0
[9528] 05-06 01:40:52:374: SanitizeUnimodemBlob: mdm prot=0
[9528] 05-06 01:40:52:374: Port=COM6,fHw=0,fEc=0,bps=115200,fSp=0,prot=0
[9528] 05-06 01:40:52:374: StringCchCopy failed due to error 0x8007007a
[9528] 05-06 01:40:52:374: LoadPortsList=0
[9528] 05-06 01:40:52:374: successfully finished LoadPortsList2 in ReadEntryList()

[9528] 05-06 01:40:52:374: Reading media group "rastapi"
[9528] 05-06 01:40:52:374: New link format
[9528] 05-06 01:40:52:374: 
DUPTEST:Port in this media
[9528] 05-06 01:40:52:374: Port=VPN1-0
[9528] 05-06 01:40:52:374: 
Trying to match the phonebook port in the system ports
[9528] 05-06 01:40:52:374: Port configured
[9528] 05-06 01:40:52:374: Reading device group "vpn"
[9528] 05-06 01:40:52:374: Device List after deleting dupe
[9528] 05-06 01:40:52:374: Device List after deleting dupe
[9528] 05-06 01:40:52:374: ReadRasFile: ReadEntryList returned 0
[9528] 05-06 01:40:52:374: DeleteEntriesOnlyInHiddenPhonebookFile ++
[9528] 05-06 01:40:52:374: WritePhonebookFile
[9528] 05-06 01:40:52:374: ModifyEntryList: Number of connections written 0
[9528] 05-06 01:40:52:374: RASSQM: In WritePhonebookFile Number of alluser profiles set 0
[9528] 05-06 01:40:52:374: DeleteEntriesOnlyInHiddenPhonebookFile : WritePhonebookFile failed with 0
[9528] 05-06 01:40:52:374: RASSQM: In ReadPhonebookFile Number of alluser profiles set 1
[9528] 05-06 01:40:52:374: ReadPhonebookFile returns 0
[9528] 05-06 01:40:52:394: VpnDoubleDialDlg
[9528] 05-06 01:40:52:394: DpDialInit
[9528] 05-06 01:40:52:394: Context set
[9528] 05-06 01:40:52:394: DpDial,fPauseRestart=0
[9528] 05-06 01:40:52:394: DpDial:Init global actives
[9528] 05-06 01:40:52:394: CallActive is:1
[9528] 05-06 01:40:52:394: GlobalActive Calls are:1
[9528] 05-06 01:40:52:394: RasDial(h=$00000000)
[9528] 05-06 01:40:52:584: RasDial=0,h=$00010000
[9916] 05-06 01:40:52:614: /DpRasDialFunc2(rcs=0,s=1,e=0,x=0)
[9916] 05-06 01:40:52:614: Send RasEvent to Dial Progress window, subEntry:(1)
[9916] 05-06 01:40:52:614: Get dwError=(0) from RasMan
[9916] 05-06 01:40:52:614: DpRasDialFunc2:Process:(769dd7b5),Thread(769dc410)
[9916] 05-06 01:40:52:614: DpRasDialFunc2:pInfo address (0x43ca18), Dialog Handle (0x20f96)
[7536] 05-06 01:40:52:614: DpEvent
[7536] 05-06 01:40:52:614: Current proces:(0x7084), Current Thread:(0x7536)
[7536] 05-06 01:40:52:614: State is:(0)
[7536] 05-06 01:40:52:614: s=0,f=0,t=1
[7536] 05-06 01:40:52:614: DpEvent:State:'Opening port...'
[7536] 05-06 01:40:52:614: DpEvent:returned dwCode:(1)
[7536] 05-06 01:40:52:624: End of DpEvent
[9916] 05-06 01:40:52:624: dwCode returned:(1)
[9916] 05-06 01:40:52:624: CallActive is:1
[9916] 05-06 01:40:52:624: Current thread's active:(1)
[9916] 05-06 01:40:52:624: Current Thread does NOT want to terminate itself,its fterminateASAP=0!
[9916] 05-06 01:40:52:624: GlobalActive Calls are:1
[9916] 05-06 01:40:52:624: Global active:(1)
[9916] 05-06 01:40:52:624: CallActive is:1
[9916] 05-06 01:40:52:624: Current thread's active:(1)
[9916] 05-06 01:40:52:624: \DpRasDialFunc2:final dwCode returned=1
[9916] 05-06 01:40:53:054: /DpRasDialFunc2(rcs=1,s=1,e=0,x=0)
[9916] 05-06 01:40:53:054: Send RasEvent to Dial Progress window, subEntry:(1)
[9916] 05-06 01:40:53:054: Get dwError=(0) from RasMan
[9916] 05-06 01:40:53:054: DpRasDialFunc2:Process:(769dd7b5),Thread(769dc410)
[9916] 05-06 01:40:53:054: DpRasDialFunc2:pInfo address (0x43ca18), Dialog Handle (0x20f96)
[7536] 05-06 01:40:53:054: DpEvent
[7536] 05-06 01:40:53:054: Current proces:(0x7084), Current Thread:(0x7536)
[7536] 05-06 01:40:53:054: State is:(1)
[7536] 05-06 01:40:53:054: RasGetSubEntryHandle(se=1)
[7536] 05-06 01:40:53:164: RasGetSubEntryHandle=0,hL=$00000001
[7536] 05-06 01:40:53:164: s=0,f=0,t=1
[7536] 05-06 01:40:53:164: DpEvent:State:'Port opened.'
[7536] 05-06 01:40:53:164: DpEvent:returned dwCode:(1)
[7536] 05-06 01:40:53:164: End of DpEvent
[9916] 05-06 01:40:53:164: dwCode returned:(1)
[9916] 05-06 01:40:53:164: CallActive is:1
[9916] 05-06 01:40:53:164: Current thread's active:(1)
[9916] 05-06 01:40:53:164: Current Thread does NOT want to terminate itself,its fterminateASAP=0!
[9916] 05-06 01:40:53:164: GlobalActive Calls are:1
[9916] 05-06 01:40:53:164: Global active:(1)
[9916] 05-06 01:40:53:164: CallActive is:1
[9916] 05-06 01:40:53:164: Current thread's active:(1)
[9916] 05-06 01:40:53:164: \DpRasDialFunc2:final dwCode returned=1
[9916] 05-06 01:40:54:743: /DpRasDialFunc2(rcs=2,s=1,e=0,x=0)
[9916] 05-06 01:40:54:743: Send RasEvent to Dial Progress window, subEntry:(1)
[9916] 05-06 01:40:54:743: Get dwError=(0) from RasMan
[9916] 05-06 01:40:54:743: DpRasDialFunc2:Process:(769dd7b5),Thread(769dc410)
[9916] 05-06 01:40:54:743: DpRasDialFunc2:pInfo address (0x43ca18), Dialog Handle (0x20f96)
[7536] 05-06 01:40:54:743: DpEvent
[7536] 05-06 01:40:54:743: Current proces:(0x7084), Current Thread:(0x7536)
[7536] 05-06 01:40:54:743: State is:(2)
[7536] 05-06 01:40:54:743: DpConnectDevice
[7536] 05-06 01:40:54:743: RasGetConnectStatus($00000001)
[7536] 05-06 01:40:55:211: RasGetConnectStatus=0
[7536] 05-06 01:40:55:211:  dt=vpn
[7536] 05-06 01:40:55:211:  dn=WAN Miniport (IKEv2)
[7536] 05-06 01:40:55:211:  pn=portal.access.nokia.com
[7536] 05-06 01:40:55:211: Connection status string: portal.access.nokia.com using 'WAN Miniport (IKEv2)'
[7536] 05-06 01:40:55:211: s=0,f=0,t=1
[7536] 05-06 01:40:55:211: DpEvent:State:'Connecting to portal.access.nokia.com using 'WAN Miniport (IKEv2)'...'
[7536] 05-06 01:40:55:211: DpEvent:returned dwCode:(1)
[7536] 05-06 01:40:55:211: End of DpEvent
[9916] 05-06 01:40:55:211: dwCode returned:(1)
[9916] 05-06 01:40:55:211: CallActive is:1
[9916] 05-06 01:40:55:211: Current thread's active:(1)
[9916] 05-06 01:40:55:211: Current Thread does NOT want to terminate itself,its fterminateASAP=0!
[9916] 05-06 01:40:55:211: GlobalActive Calls are:1
[9916] 05-06 01:40:55:211: Global active:(1)
[9916] 05-06 01:40:55:211: CallActive is:1
[9916] 05-06 01:40:55:211: Current thread's active:(1)
[9916] 05-06 01:40:55:211: \DpRasDialFunc2:final dwCode returned=1
[9916] 05-06 01:40:56:241: /DpRasDialFunc2(rcs=3,s=1,e=0,x=0)
[9916] 05-06 01:40:56:241: Send RasEvent to Dial Progress window, subEntry:(1)
[9916] 05-06 01:40:56:241: Get dwError=(0) from RasMan
[9916] 05-06 01:40:56:241: DpRasDialFunc2:Process:(769dd7b5),Thread(769dc410)
[9916] 05-06 01:40:56:241: DpRasDialFunc2:pInfo address (0x43ca18), Dialog Handle (0x20f96)
[7536] 05-06 01:40:56:241: DpEvent
[7536] 05-06 01:40:56:241: Current proces:(0x7084), Current Thread:(0x7536)
[7536] 05-06 01:40:56:241: State is:(3)
[7536] 05-06 01:40:56:241: DpDeviceConnected
[7536] 05-06 01:40:56:241: s=0,f=0,t=1
[7536] 05-06 01:40:56:241: DpEvent:State:'Device connected.'
[7536] 05-06 01:40:56:241: DpEvent:returned dwCode:(1)
[7536] 05-06 01:40:56:241: End of DpEvent
[9916] 05-06 01:40:56:241: dwCode returned:(1)
[9916] 05-06 01:40:56:241: CallActive is:1
[9916] 05-06 01:40:56:241: Current thread's active:(1)
[9916] 05-06 01:40:56:241: Current Thread does NOT want to terminate itself,its fterminateASAP=0!
[9916] 05-06 01:40:56:241: GlobalActive Calls are:1
[9916] 05-06 01:40:56:241: Global active:(1)
[9916] 05-06 01:40:56:241: CallActive is:1
[9916] 05-06 01:40:56:241: Current thread's active:(1)
[9916] 05-06 01:40:56:241: \DpRasDialFunc2:final dwCode returned=1
[9916] 05-06 01:40:56:381: /DpRasDialFunc2(rcs=4,s=1,e=0,x=0)
[9916] 05-06 01:40:56:381: Send RasEvent to Dial Progress window, subEntry:(1)
[9916] 05-06 01:40:56:381: Get dwError=(0) from RasMan
[9916] 05-06 01:40:56:381: DpRasDialFunc2:Process:(769dd7b5),Thread(769dc410)
[9916] 05-06 01:40:56:381: DpRasDialFunc2:pInfo address (0x43ca18), Dialog Handle (0x20f96)
[7536] 05-06 01:40:56:381: DpEvent
[7536] 05-06 01:40:56:381: Current proces:(0x7084), Current Thread:(0x7536)
[7536] 05-06 01:40:56:381: State is:(4)
[7536] 05-06 01:40:56:381: s=0,f=0,t=1
[7536] 05-06 01:40:56:381: DpEvent:State:'All devices connected.'
[7536] 05-06 01:40:56:381: DpEvent:returned dwCode:(1)
[7536] 05-06 01:40:56:381: End of DpEvent
[9916] 05-06 01:40:56:381: dwCode returned:(1)
[9916] 05-06 01:40:56:381: CallActive is:1
[9916] 05-06 01:40:56:381: Current thread's active:(1)
[9916] 05-06 01:40:56:381: Current Thread does NOT want to terminate itself,its fterminateASAP=0!
[9916] 05-06 01:40:56:381: GlobalActive Calls are:1
[9916] 05-06 01:40:56:381: Global active:(1)
[9916] 05-06 01:40:56:381: CallActive is:1
[9916] 05-06 01:40:56:381: Current thread's active:(1)
[9916] 05-06 01:40:56:381: \DpRasDialFunc2:final dwCode returned=1
[9916] 05-06 01:40:56:646: /DpRasDialFunc2(rcs=5,s=1,e=0,x=0)
[9916] 05-06 01:40:56:646: Send RasEvent to Dial Progress window, subEntry:(1)
[9916] 05-06 01:40:56:646: Get dwError=(0) from RasMan
[9916] 05-06 01:40:56:646: DpRasDialFunc2:Process:(769dd7b5),Thread(769dc410)
[9916] 05-06 01:40:56:646: DpRasDialFunc2:pInfo address (0x43ca18), Dialog Handle (0x20f96)
[7536] 05-06 01:40:56:646: DpEvent
[7536] 05-06 01:40:56:646: Current proces:(0x7084), Current Thread:(0x7536)
[7536] 05-06 01:40:56:646: State is:(5)
[7536] 05-06 01:40:56:646: s=0,f=0,t=1
[7536] 05-06 01:40:56:646: DpEvent:State:'Verifying user name and password...'
[7536] 05-06 01:40:56:646: DpEvent:returned dwCode:(1)
[7536] 05-06 01:40:56:646: End of DpEvent
[9916] 05-06 01:40:56:646: dwCode returned:(1)
[9916] 05-06 01:40:56:646: CallActive is:1
[9916] 05-06 01:40:56:646: Current thread's active:(1)
[9916] 05-06 01:40:56:646: Current Thread does NOT want to terminate itself,its fterminateASAP=0!
[9916] 05-06 01:40:56:646: GlobalActive Calls are:1
[9916] 05-06 01:40:56:646: Global active:(1)
[9916] 05-06 01:40:56:646: CallActive is:1
[9916] 05-06 01:40:56:646: Current thread's active:(1)
[9916] 05-06 01:40:56:646: \DpRasDialFunc2:final dwCode returned=1
[9916] 05-06 01:40:58:752: /DpRasDialFunc2(rcs=6,s=1,e=0,x=0)
[9916] 05-06 01:40:58:752: Send RasEvent to Dial Progress window, subEntry:(1)
[9916] 05-06 01:40:58:752: Get dwError=(0) from RasMan
[9916] 05-06 01:40:58:752: DpRasDialFunc2:Process:(769dd7b5),Thread(769dc410)
[9916] 05-06 01:40:58:752: DpRasDialFunc2:pInfo address (0x43ca18), Dialog Handle (0x20f96)
[7536] 05-06 01:40:58:752: DpEvent
[7536] 05-06 01:40:58:752: Current proces:(0x7084), Current Thread:(0x7536)
[7536] 05-06 01:40:58:752: State is:(6)
[7536] 05-06 01:40:58:752: DpAuthNotify
[7536] 05-06 01:40:58:752: s=0,f=0,t=1
[7536] 05-06 01:40:58:752: DpEvent:State:'Verifying user name and password...'
[7536] 05-06 01:40:58:752: DpEvent:returned dwCode:(1)
[7536] 05-06 01:40:58:752: End of DpEvent
[9916] 05-06 01:40:58:752: dwCode returned:(1)
[9916] 05-06 01:40:58:752: CallActive is:1
[9916] 05-06 01:40:58:752: Current thread's active:(1)
[9916] 05-06 01:40:58:752: Current Thread does NOT want to terminate itself,its fterminateASAP=0!
[9916] 05-06 01:40:58:752: GlobalActive Calls are:1
[9916] 05-06 01:40:58:752: Global active:(1)
[9916] 05-06 01:40:58:752: CallActive is:1
[9916] 05-06 01:40:58:752: Current thread's active:(1)
[9916] 05-06 01:40:58:752: \DpRasDialFunc2:final dwCode returned=1
[9916] 05-06 01:40:59:018: /DpRasDialFunc2(rcs=0,s=1,e=0,x=0)
[9916] 05-06 01:40:59:018: Send RasEvent to Dial Progress window, subEntry:(1)
[9916] 05-06 01:40:59:018: Get dwError=(0) from RasMan
[9916] 05-06 01:40:59:018: DpRasDialFunc2:Process:(769dd7b5),Thread(769dc410)
[9916] 05-06 01:40:59:018: DpRasDialFunc2:pInfo address (0x43ca18), Dialog Handle (0x20f96)
[7536] 05-06 01:40:59:018: DpEvent
[7536] 05-06 01:40:59:018: Current proces:(0x7084), Current Thread:(0x7536)
[7536] 05-06 01:40:59:018: State is:(0)
[7536] 05-06 01:40:59:018: s=0,f=0,t=1
[7536] 05-06 01:40:59:018: DpEvent:State:'Opening port...'
[7536] 05-06 01:40:59:018: DpEvent:returned dwCode:(1)
[7536] 05-06 01:40:59:018: End of DpEvent
[9916] 05-06 01:40:59:018: dwCode returned:(1)
[9916] 05-06 01:40:59:018: CallActive is:1
[9916] 05-06 01:40:59:018: Current thread's active:(1)
[9916] 05-06 01:40:59:018: Current Thread does NOT want to terminate itself,its fterminateASAP=0!
[9916] 05-06 01:40:59:018: GlobalActive Calls are:1
[9916] 05-06 01:40:59:018: Global active:(1)
[9916] 05-06 01:40:59:018: CallActive is:1
[9916] 05-06 01:40:59:018: Current thread's active:(1)
[9916] 05-06 01:40:59:018: \DpRasDialFunc2:final dwCode returned=1
[9916] 05-06 01:40:59:392: /DpRasDialFunc2(rcs=1,s=1,e=0,x=0)
[9916] 05-06 01:40:59:392: Send RasEvent to Dial Progress window, subEntry:(1)
[9916] 05-06 01:40:59:392: Get dwError=(0) from RasMan
[9916] 05-06 01:40:59:392: DpRasDialFunc2:Process:(769dd7b5),Thread(769dc410)
[9916] 05-06 01:40:59:392: DpRasDialFunc2:pInfo address (0x43ca18), Dialog Handle (0x20f96)
[7536] 05-06 01:40:59:392: DpEvent
[7536] 05-06 01:40:59:392: Current proces:(0x7084), Current Thread:(0x7536)
[7536] 05-06 01:40:59:392: State is:(1)
[7536] 05-06 01:40:59:392: RasGetSubEntryHandle(se=1)
[7536] 05-06 01:40:59:486: RasGetSubEntryHandle=0,hL=$00000008
[7536] 05-06 01:40:59:486: s=0,f=0,t=1
[7536] 05-06 01:40:59:486: DpEvent:State:'Port opened.'
[7536] 05-06 01:40:59:486: DpEvent:returned dwCode:(1)
[7536] 05-06 01:40:59:486: End of DpEvent
[9916] 05-06 01:40:59:486: dwCode returned:(1)
[9916] 05-06 01:40:59:486: CallActive is:1
[9916] 05-06 01:40:59:486: Current thread's active:(1)
[9916] 05-06 01:40:59:486: Current Thread does NOT want to terminate itself,its fterminateASAP=0!
[9916] 05-06 01:40:59:486: GlobalActive Calls are:1
[9916] 05-06 01:40:59:486: Global active:(1)
[9916] 05-06 01:40:59:486: CallActive is:1
[9916] 05-06 01:40:59:486: Current thread's active:(1)
[9916] 05-06 01:40:59:486: \DpRasDialFunc2:final dwCode returned=1
[9916] 05-06 01:40:59:673: /DpRasDialFunc2(rcs=2,s=1,e=0,x=0)
[9916] 05-06 01:40:59:673: Send RasEvent to Dial Progress window, subEntry:(1)
[9916] 05-06 01:40:59:673: Get dwError=(0) from RasMan
[9916] 05-06 01:40:59:673: DpRasDialFunc2:Process:(769dd7b5),Thread(769dc410)
[9916] 05-06 01:40:59:673: DpRasDialFunc2:pInfo address (0x43ca18), Dialog Handle (0x20f96)
[7536] 05-06 01:40:59:673: DpEvent
[7536] 05-06 01:40:59:673: Current proces:(0x7084), Current Thread:(0x7536)
[7536] 05-06 01:40:59:673: State is:(2)
[7536] 05-06 01:40:59:673: DpConnectDevice
[7536] 05-06 01:40:59:673: RasGetConnectStatus($00000008)
[7536] 05-06 01:41:00:095: RasGetConnectStatus=0
[7536] 05-06 01:41:00:095:  dt=vpn
[7536] 05-06 01:41:00:095:  dn=WAN Miniport (SSTP)
[7536] 05-06 01:41:00:095:  pn=portal.access.nokia.com
[7536] 05-06 01:41:00:095: Connection status string: portal.access.nokia.com using 'WAN Miniport (SSTP)'
[7536] 05-06 01:41:00:095: s=0,f=0,t=1
[7536] 05-06 01:41:00:095: DpEvent:State:'Connecting to portal.access.nokia.com using 'WAN Miniport (SSTP)'...'
[7536] 05-06 01:41:00:111: DpEvent:returned dwCode:(1)
[7536] 05-06 01:41:00:111: End of DpEvent
[9916] 05-06 01:41:00:111: dwCode returned:(1)
[9916] 05-06 01:41:00:111: CallActive is:1
[9916] 05-06 01:41:00:111: Current thread's active:(1)
[9916] 05-06 01:41:00:111: Current Thread does NOT want to terminate itself,its fterminateASAP=0!
[9916] 05-06 01:41:00:111: GlobalActive Calls are:1
[9916] 05-06 01:41:00:111: Global active:(1)
[9916] 05-06 01:41:00:111: CallActive is:1
[9916] 05-06 01:41:00:111: Current thread's active:(1)
[9916] 05-06 01:41:00:111: \DpRasDialFunc2:final dwCode returned=1
[9916] 05-06 01:42:00:660: /DpRasDialFunc2(rcs=0,s=1,e=0,x=0)
[9916] 05-06 01:42:00:660: Send RasEvent to Dial Progress window, subEntry:(1)
[9916] 05-06 01:42:00:660: Get dwError=(0) from RasMan
[9916] 05-06 01:42:00:660: DpRasDialFunc2:Process:(769dd7b5),Thread(769dc410)
[9916] 05-06 01:42:00:660: DpRasDialFunc2:pInfo address (0x43ca18), Dialog Handle (0x20f96)
[7536] 05-06 01:42:00:660: DpEvent
[7536] 05-06 01:42:00:660: Current proces:(0x7084), Current Thread:(0x7536)
[7536] 05-06 01:42:00:660: State is:(0)
[7536] 05-06 01:42:00:660: s=0,f=0,t=1
[7536] 05-06 01:42:00:660: DpEvent:State:'Opening port...'
[7536] 05-06 01:42:00:660: DpEvent:returned dwCode:(1)
[7536] 05-06 01:42:00:660: End of DpEvent
[9916] 05-06 01:42:00:660: dwCode returned:(1)
[9916] 05-06 01:42:00:660: CallActive is:1
[9916] 05-06 01:42:00:660: Current thread's active:(1)
[9916] 05-06 01:42:00:660: Current Thread does NOT want to terminate itself,its fterminateASAP=0!
[9916] 05-06 01:42:00:660: GlobalActive Calls are:1
[9916] 05-06 01:42:00:660: Global active:(1)
[9916] 05-06 01:42:00:660: CallActive is:1
[9916] 05-06 01:42:00:660: Current thread's active:(1)
[9916] 05-06 01:42:00:660: \DpRasDialFunc2:final dwCode returned=1
[9916] 05-06 01:42:01:070: /DpRasDialFunc2(rcs=1,s=1,e=0,x=0)
[9916] 05-06 01:42:01:070: Send RasEvent to Dial Progress window, subEntry:(1)
[9916] 05-06 01:42:01:070: Get dwError=(0) from RasMan
[9916] 05-06 01:42:01:070: DpRasDialFunc2:Process:(769dd7b5),Thread(769dc410)
[9916] 05-06 01:42:01:070: DpRasDialFunc2:pInfo address (0x43ca18), Dialog Handle (0x20f96)
[7536] 05-06 01:42:01:070: DpEvent
[7536] 05-06 01:42:01:070: Current proces:(0x7084), Current Thread:(0x7536)
[7536] 05-06 01:42:01:070: State is:(1)
[7536] 05-06 01:42:01:070: RasGetSubEntryHandle(se=1)
[7536] 05-06 01:42:01:179: RasGetSubEntryHandle=0,hL=$00000006
[7536] 05-06 01:42:01:179: s=0,f=0,t=1
[7536] 05-06 01:42:01:179: DpEvent:State:'Port opened.'
[7536] 05-06 01:42:01:179: DpEvent:returned dwCode:(1)
[7536] 05-06 01:42:01:179: End of DpEvent
[9916] 05-06 01:42:01:179: dwCode returned:(1)
[9916] 05-06 01:42:01:179: CallActive is:1
[9916] 05-06 01:42:01:179: Current thread's active:(1)
[9916] 05-06 01:42:01:179: Current Thread does NOT want to terminate itself,its fterminateASAP=0!
[9916] 05-06 01:42:01:179: GlobalActive Calls are:1
[9916] 05-06 01:42:01:179: Global active:(1)
[9916] 05-06 01:42:01:179: CallActive is:1
[9916] 05-06 01:42:01:179: Current thread's active:(1)
[9916] 05-06 01:42:01:179: \DpRasDialFunc2:final dwCode returned=1
[9916] 05-06 01:42:02:349: /DpRasDialFunc2(rcs=2,s=1,e=0,x=0)
[9916] 05-06 01:42:02:349: Send RasEvent to Dial Progress window, subEntry:(1)
[9916] 05-06 01:42:02:349: Get dwError=(0) from RasMan
[9916] 05-06 01:42:02:349: DpRasDialFunc2:Process:(769dd7b5),Thread(769dc410)
[9916] 05-06 01:42:02:349: DpRasDialFunc2:pInfo address (0x43ca18), Dialog Handle (0x20f96)
[7536] 05-06 01:42:02:349: DpEvent
[7536] 05-06 01:42:02:349: Current proces:(0x7084), Current Thread:(0x7536)
[7536] 05-06 01:42:02:349: State is:(2)
[7536] 05-06 01:42:02:349: DpConnectDevice
[7536] 05-06 01:42:02:349: RasGetConnectStatus($00000006)
[7536] 05-06 01:42:02:802: RasGetConnectStatus=0
[7536] 05-06 01:42:02:802:  dt=vpn
[7536] 05-06 01:42:02:802:  dn=WAN Miniport (PPTP)
[7536] 05-06 01:42:02:802:  pn=portal.access.nokia.com
[7536] 05-06 01:42:02:802: Connection status string: portal.access.nokia.com using 'WAN Miniport (PPTP)'
[7536] 05-06 01:42:02:802: s=0,f=0,t=1
[7536] 05-06 01:42:02:802: DpEvent:State:'Connecting to portal.access.nokia.com using 'WAN Miniport (PPTP)'...'
[7536] 05-06 01:42:02:802: DpEvent:returned dwCode:(1)
[7536] 05-06 01:42:02:802: End of DpEvent
[9916] 05-06 01:42:02:802: dwCode returned:(1)
[9916] 05-06 01:42:02:802: CallActive is:1
[9916] 05-06 01:42:02:802: Current thread's active:(1)
[9916] 05-06 01:42:02:802: Current Thread does NOT want to terminate itself,its fterminateASAP=0!
[9916] 05-06 01:42:02:802: GlobalActive Calls are:1
[9916] 05-06 01:42:02:802: Global active:(1)
[9916] 05-06 01:42:02:802: CallActive is:1
[9916] 05-06 01:42:02:802: Current thread's active:(1)
[9916] 05-06 01:42:02:802: \DpRasDialFunc2:final dwCode returned=1
[9916] 05-06 01:42:24:597: /DpRasDialFunc2(rcs=0,s=1,e=0,x=0)
[9916] 05-06 01:42:24:597: Send RasEvent to Dial Progress window, subEntry:(1)
[9916] 05-06 01:42:24:597: Get dwError=(0) from RasMan
[9916] 05-06 01:42:24:597: DpRasDialFunc2:Process:(769dd7b5),Thread(769dc410)
[9916] 05-06 01:42:24:597: DpRasDialFunc2:pInfo address (0x43ca18), Dialog Handle (0x20f96)
[7536] 05-06 01:42:24:597: DpEvent
[7536] 05-06 01:42:24:597: Current proces:(0x7084), Current Thread:(0x7536)
[7536] 05-06 01:42:24:597: State is:(0)
[7536] 05-06 01:42:24:597: s=0,f=0,t=1
[7536] 05-06 01:42:24:597: DpEvent:State:'Opening port...'
[7536] 05-06 01:42:24:597: DpEvent:returned dwCode:(1)
[7536] 05-06 01:42:24:597: End of DpEvent
[9916] 05-06 01:42:24:597: dwCode returned:(1)
[9916] 05-06 01:42:24:597: CallActive is:1
[9916] 05-06 01:42:24:597: Current thread's active:(1)
[9916] 05-06 01:42:24:597: Current Thread does NOT want to terminate itself,its fterminateASAP=0!
[9916] 05-06 01:42:24:597: GlobalActive Calls are:1
[9916] 05-06 01:42:24:597: Global active:(1)
[9916] 05-06 01:42:24:597: CallActive is:1
[9916] 05-06 01:42:24:597: Current thread's active:(1)
[9916] 05-06 01:42:24:597: \DpRasDialFunc2:final dwCode returned=1
[9916] 05-06 01:42:25:064: /DpRasDialFunc2(rcs=1,s=1,e=0,x=0)
[9916] 05-06 01:42:25:064: Send RasEvent to Dial Progress window, subEntry:(1)
[9916] 05-06 01:42:25:064: Get dwError=(0) from RasMan
[9916] 05-06 01:42:25:064: DpRasDialFunc2:Process:(769dd7b5),Thread(769dc410)
[9916] 05-06 01:42:25:064: DpRasDialFunc2:pInfo address (0x43ca18), Dialog Handle (0x20f96)
[7536] 05-06 01:42:25:064: DpEvent
[7536] 05-06 01:42:25:064: Current proces:(0x7084), Current Thread:(0x7536)
[7536] 05-06 01:42:25:064: State is:(1)
[7536] 05-06 01:42:25:064: RasGetSubEntryHandle(se=1)
[7536] 05-06 01:42:25:173: RasGetSubEntryHandle=0,hL=$00000003
[7536] 05-06 01:42:25:173: s=0,f=0,t=1
[7536] 05-06 01:42:25:173: DpEvent:State:'Port opened.'
[7536] 05-06 01:42:25:173: DpEvent:returned dwCode:(1)
[7536] 05-06 01:42:25:173: End of DpEvent
[9916] 05-06 01:42:25:173: dwCode returned:(1)
[9916] 05-06 01:42:25:173: CallActive is:1
[9916] 05-06 01:42:25:173: Current thread's active:(1)
[9916] 05-06 01:42:25:173: Current Thread does NOT want to terminate itself,its fterminateASAP=0!
[9916] 05-06 01:42:25:173: GlobalActive Calls are:1
[9916] 05-06 01:42:25:173: Global active:(1)
[9916] 05-06 01:42:25:173: CallActive is:1
[9916] 05-06 01:42:25:173: Current thread's active:(1)
[9916] 05-06 01:42:25:173: \DpRasDialFunc2:final dwCode returned=1
[9916] 05-06 01:42:26:350: /DpRasDialFunc2(rcs=2,s=1,e=0,x=0)
[9916] 05-06 01:42:26:350: Send RasEvent to Dial Progress window, subEntry:(1)
[9916] 05-06 01:42:26:350: Get dwError=(0) from RasMan
[9916] 05-06 01:42:26:350: DpRasDialFunc2:Process:(769dd7b5),Thread(769dc410)
[9916] 05-06 01:42:26:350: DpRasDialFunc2:pInfo address (0x43ca18), Dialog Handle (0x20f96)
[7536] 05-06 01:42:26:350: DpEvent
[7536] 05-06 01:42:26:350: Current proces:(0x7084), Current Thread:(0x7536)
[7536] 05-06 01:42:26:350: State is:(2)
[7536] 05-06 01:42:26:350: DpConnectDevice
[7536] 05-06 01:42:26:350: RasGetConnectStatus($00000003)
[7536] 05-06 01:42:26:854: RasGetConnectStatus=0
[7536] 05-06 01:42:26:854:  dt=vpn
[7536] 05-06 01:42:26:854:  dn=WAN Miniport (L2TP)
[7536] 05-06 01:42:26:854:  pn=portal.access.nokia.com
[7536] 05-06 01:42:26:854: Connection status string: portal.access.nokia.com using 'WAN Miniport (L2TP)'
[7536] 05-06 01:42:26:854: s=0,f=0,t=1
[7536] 05-06 01:42:26:854: DpEvent:State:'Connecting to portal.access.nokia.com using 'WAN Miniport (L2TP)'...'
[7536] 05-06 01:42:26:854: DpEvent:returned dwCode:(1)
[7536] 05-06 01:42:26:854: End of DpEvent
[9916] 05-06 01:42:26:854: dwCode returned:(1)
[9916] 05-06 01:42:26:854: CallActive is:1
[9916] 05-06 01:42:26:854: Current thread's active:(1)
[9916] 05-06 01:42:26:854: Current Thread does NOT want to terminate itself,its fterminateASAP=0!
[9916] 05-06 01:42:26:854: GlobalActive Calls are:1
[9916] 05-06 01:42:26:854: Global active:(1)
[9916] 05-06 01:42:26:854: CallActive is:1
[9916] 05-06 01:42:26:854: Current thread's active:(1)
[9916] 05-06 01:42:26:854: \DpRasDialFunc2:final dwCode returned=1
[9916] 05-06 01:42:27:197: /DpRasDialFunc2(rcs=2,s=1,e=800,x=0)
[9916] 05-06 01:42:27:197: Send RasEvent to Dial Progress window, subEntry:(1)
[9916] 05-06 01:42:27:197: Get dwError=(800) from RasMan
[9916] 05-06 01:42:27:197: DpRasDialFunc2:Process:(769dd7b5),Thread(769dc410)
[9916] 05-06 01:42:27:197: DpRasDialFunc2:pInfo address (0x43ca18), Dialog Handle (0x20f96)
[7536] 05-06 01:42:27:197: DpEvent
[7536] 05-06 01:42:27:197: Current proces:(0x7084), Current Thread:(0x7536)
[7536] 05-06 01:42:27:197: State is:(2)
[7536] 05-06 01:42:27:197: DpConnectDevice
[7536] 05-06 01:42:27:197: RasGetConnectStatus($00000003)
[7536] 05-06 01:42:27:712: RasGetConnectStatus=0
[7536] 05-06 01:42:27:712:  dt=vpn
[7536] 05-06 01:42:27:712:  dn=WAN Miniport (L2TP)
[7536] 05-06 01:42:27:712:  pn=portal.access.nokia.com
[7536] 05-06 01:42:27:712: Connection status string: portal.access.nokia.com using 'WAN Miniport (L2TP)'
[7536] 05-06 01:42:27:712: s=0,f=1,t=1
[7536] 05-06 01:42:27:712: Post(ERROR)
[9916] 05-06 01:42:27:712: dwCode returned:(0)
[9916] 05-06 01:42:27:712: CallActive is:1
[9916] 05-06 01:42:27:712: Current thread's active:(1)
[9916] 05-06 01:42:27:712: Current Thread does NOT want to terminate itself,its fterminateASAP=0!
[9916] 05-06 01:42:27:712: GlobalActive Calls are:1
[9916] 05-06 01:42:27:712: Global active:(1)
[9916] 05-06 01:42:27:712: CallActive is:1
[9916] 05-06 01:42:27:712: Current thread's active:(1)
[9916] 05-06 01:42:27:712: CallActive is:0
[9916] 05-06 01:42:27:712: GlobalActive Calls are:0
[9916] 05-06 01:42:27:712: \DpRasDialFunc2:final dwCode returned=0
[7536] 05-06 01:42:27:712: DpError
[7536] 05-06 01:42:27:712: DpCancel
[7536] 05-06 01:42:27:712: DpCancel:call RasHangUp
[7536] 05-06 01:42:28:086: DpCancel:get dwErr from RasHangUp:(0)
[7536] 05-06 01:42:28:086: RasHangUp=0
[7536] 05-06 01:42:28:086: DpEndDialog:Cancel pressed
[7536] 05-06 01:42:28:086: CallActive is:0
[7536] 05-06 01:42:28:086: DpError settings error (0x254f888) to 800
[7536] 05-06 01:42:28:086: CallActive is:0
[9528] 05-06 01:42:28:086: DpInfoFree
[9528] 05-06 01:42:28:086: SetUserPreferences(m=0)
[9528] 05-06 01:42:28:086: hrasconnPrereq=0x0
[4856] 05-06 01:54:29:204: RasDialDlgW
[4856] 05-06 01:54:29:204: IsRasmanServiceRunning=1
[4856] 05-06 01:54:29:204: LoadRas
[4856] 05-06 01:54:29:204: LoadRas=0
[4856] 05-06 01:54:29:204: GetUserPreferences(m=0)
[4856] 05-06 01:54:29:204: RegOpenKeyEx=2
[4856] 05-06 01:54:29:204: GetUserPreferences=0
[4856] 05-06 01:54:29:204: ReadPhonebookFileEx: called for pbk C:\ProgramData\Microsoft\Network\Connections\Pbk\rasphone.pbk, flags 0
[4856] 05-06 01:54:29:204: IsPublicPhonebook=1
[4856] 05-06 01:54:29:204: path=C:\ProgramData\Microsoft\Network\Connections\Pbk\rasphone.pbk
[4856] 05-06 01:54:29:204: full path=C:\ProgramData\Microsoft\Network\Connections\Pbk\rasphone.pbk
[4856] 05-06 01:54:29:204:  IsVirtualizationNeeded: return value = 1

[4856] 05-06 01:54:29:204: GetLUAPhonebookPath: Return value 0 hiddenpbk path C:\Users\Hoster\AppData\Roaming\Microsoft\Network\Connections\Pbk\_hiddenPbk\rasphone.pbk

[4856] 05-06 01:54:29:204: ReadRasFile: ReadEntryList returned 0
[4856] 05-06 01:54:29:204: SyncMasterPhonebookFile:++
[4856] 05-06 01:54:29:204: IsPublicPhonebook=1
[4856] 05-06 01:54:29:204: path=C:\ProgramData\Microsoft\Network\Connections\Pbk\rasphone.pbk
[4856] 05-06 01:54:29:204: full path=C:\ProgramData\Microsoft\Network\Connections\Pbk\rasphone.pbk
[4856] 05-06 01:54:29:204: ENTRY: Reading "Nokia VPN"
[4856] 05-06 01:54:29:204: 
Before LoadPortsList2 in ReadEntryList()
[4856] 05-06 01:54:29:204: LoadPortsList2
[4856] 05-06 01:54:29:204: GetRasPorts
[4856] 05-06 01:54:29:204: RasPortEnum...
[4856] 05-06 01:54:29:204: RasPortEnum=603,c=12
[4856] 05-06 01:54:29:204: RasPortEnum...
[4856] 05-06 01:54:29:204: RasPortEnum=0,c=12
[4856] 05-06 01:54:29:204: RasGetDevConfig
[4856] 05-06 01:54:29:204: RasGetDevConfig=603
[4856] 05-06 01:54:29:204: RasGetDevConfig
[4856] 05-06 01:54:29:204: RasGetDevConfig=0
[4856] 05-06 01:54:29:204: SanitizeUnimodemBlob: mdm prot=0
[4856] 05-06 01:54:29:204: Port=COM3,fHw=1,fEc=1,bps=115200,fSp=1,prot=0
[4856] 05-06 01:54:29:204: StringCchCopy failed due to error 0x8007007a
[4856] 05-06 01:54:29:204: RasGetDevConfig
[4856] 05-06 01:54:29:204: RasGetDevConfig=603
[4856] 05-06 01:54:29:204: RasGetDevConfig
[4856] 05-06 01:54:29:204: RasGetDevConfig=0
[4856] 05-06 01:54:29:204: SanitizeUnimodemBlob: mdm prot=0
[4856] 05-06 01:54:29:204: Port=COM5,fHw=1,fEc=0,bps=460800,fSp=0,prot=0
[4856] 05-06 01:54:29:204: StringCchCopy failed due to error 0x8007007a
[4856] 05-06 01:54:29:214: RasGetDevConfig
[4856] 05-06 01:54:29:314: RasGetDevConfig=603
[4856] 05-06 01:54:29:314: RasGetDevConfig
[4856] 05-06 01:54:29:324: RasGetDevConfig=0
[4856] 05-06 01:54:29:324: SanitizeUnimodemBlob: mdm prot=0
[4856] 05-06 01:54:29:324: Port=COM6,fHw=0,fEc=0,bps=115200,fSp=0,prot=0
[4856] 05-06 01:54:29:324: StringCchCopy failed due to error 0x8007007a
[4856] 05-06 01:54:29:324: LoadPortsList=0
[4856] 05-06 01:54:29:324: successfully finished LoadPortsList2 in ReadEntryList()

[4856] 05-06 01:54:29:324: Reading media group "rastapi"
[4856] 05-06 01:54:29:324: New link format
[4856] 05-06 01:54:29:324: 
DUPTEST:Port in this media
[4856] 05-06 01:54:29:324: Port=VPN1-0
[4856] 05-06 01:54:29:324: 
Trying to match the phonebook port in the system ports
[4856] 05-06 01:54:29:324: Port configured
[4856] 05-06 01:54:29:324: Reading device group "vpn"
[4856] 05-06 01:54:29:324: Device List after deleting dupe
[4856] 05-06 01:54:29:324: Device List after deleting dupe
[4856] 05-06 01:54:29:324: ReadRasFile: ReadEntryList returned 0
[4856] 05-06 01:54:29:324: DeleteEntriesOnlyInHiddenPhonebookFile ++
[4856] 05-06 01:54:29:324: WritePhonebookFile
[4856] 05-06 01:54:29:324: ModifyEntryList: Number of connections written 0
[4856] 05-06 01:54:29:324: RASSQM: In WritePhonebookFile Number of alluser profiles set 0
[4856] 05-06 01:54:29:324: DeleteEntriesOnlyInHiddenPhonebookFile : WritePhonebookFile failed with 0
[4856] 05-06 01:54:29:324: RASSQM: In ReadPhonebookFile Number of alluser profiles set 1
[4856] 05-06 01:54:29:324: ReadPhonebookFile returns 0
[4856] 05-06 01:54:29:324: VpnDoubleDialDlg
[4856] 05-06 01:54:29:324: DpDialInit
[4856] 05-06 01:54:29:324: Context set
[4856] 05-06 01:54:29:324: DpDial,fPauseRestart=0
[4856] 05-06 01:54:29:324: DpDial:Init global actives
[4856] 05-06 01:54:29:324: CallActive is:1
[4856] 05-06 01:54:29:324: GlobalActive Calls are:1
[4856] 05-06 01:54:29:324: RasDial(h=$00000000)
[4856] 05-06 01:54:29:544: RasDial=0,h=$00020000
[5492] 05-06 01:54:29:544: /DpRasDialFunc2(rcs=0,s=1,e=0,x=0)
[5492] 05-06 01:54:29:544: Send RasEvent to Dial Progress window, subEntry:(1)
[5492] 05-06 01:54:29:544: Get dwError=(0) from RasMan
[5492] 05-06 01:54:29:544: DpRasDialFunc2:Process:(769dd7b5),Thread(769dc410)
[5492] 05-06 01:54:29:544: DpRasDialFunc2:pInfo address (0x43c8e0), Dialog Handle (0x20f96)
[7536] 05-06 01:54:29:544: DpEvent
[7536] 05-06 01:54:29:544: Current proces:(0x7084), Current Thread:(0x7536)
[7536] 05-06 01:54:29:544: State is:(0)
[7536] 05-06 01:54:29:544: s=0,f=0,t=1
[7536] 05-06 01:54:29:544: DpEvent:State:'Opening port...'
[7536] 05-06 01:54:29:544: DpEvent:returned dwCode:(1)
[7536] 05-06 01:54:29:544: End of DpEvent
[5492] 05-06 01:54:29:544: dwCode returned:(1)
[5492] 05-06 01:54:29:544: CallActive is:1
[5492] 05-06 01:54:29:544: Current thread's active:(1)
[5492] 05-06 01:54:29:544: Current Thread does NOT want to terminate itself,its fterminateASAP=0!
[5492] 05-06 01:54:29:544: GlobalActive Calls are:1
[5492] 05-06 01:54:29:544: Global active:(1)
[5492] 05-06 01:54:29:544: CallActive is:1
[5492] 05-06 01:54:29:544: Current thread's active:(1)
[5492] 05-06 01:54:29:544: \DpRasDialFunc2:final dwCode returned=1
[5492] 05-06 01:54:29:844: /DpRasDialFunc2(rcs=1,s=1,e=0,x=0)
[5492] 05-06 01:54:29:844: Send RasEvent to Dial Progress window, subEntry:(1)
[5492] 05-06 01:54:29:844: Get dwError=(0) from RasMan
[5492] 05-06 01:54:29:844: DpRasDialFunc2:Process:(769dd7b5),Thread(769dc410)
[5492] 05-06 01:54:29:844: DpRasDialFunc2:pInfo address (0x43c8e0), Dialog Handle (0x20f96)
[7536] 05-06 01:54:29:844: DpEvent
[7536] 05-06 01:54:29:844: Current proces:(0x7084), Current Thread:(0x7536)
[7536] 05-06 01:54:29:844: State is:(1)
[7536] 05-06 01:54:29:844: RasGetSubEntryHandle(se=1)
[7536] 05-06 01:54:29:844: RasGetSubEntryHandle=0,hL=$00000001
[7536] 05-06 01:54:29:844: s=0,f=0,t=1
[7536] 05-06 01:54:29:844: DpEvent:State:'Port opened.'
[7536] 05-06 01:54:29:844: DpEvent:returned dwCode:(1)
[7536] 05-06 01:54:29:844: End of DpEvent
[5492] 05-06 01:54:29:844: dwCode returned:(1)
[5492] 05-06 01:54:29:844: CallActive is:1
[5492] 05-06 01:54:29:844: Current thread's active:(1)
[5492] 05-06 01:54:29:844: Current Thread does NOT want to terminate itself,its fterminateASAP=0!
[5492] 05-06 01:54:29:844: GlobalActive Calls are:1
[5492] 05-06 01:54:29:844: Global active:(1)
[5492] 05-06 01:54:29:844: CallActive is:1
[5492] 05-06 01:54:29:844: Current thread's active:(1)
[5492] 05-06 01:54:29:844: \DpRasDialFunc2:final dwCode returned=1
[5492] 05-06 01:54:33:030: /DpRasDialFunc2(rcs=2,s=1,e=0,x=0)
[5492] 05-06 01:54:33:030: Send RasEvent to Dial Progress window, subEntry:(1)
[5492] 05-06 01:54:33:030: Get dwError=(0) from RasMan
[5492] 05-06 01:54:33:030: DpRasDialFunc2:Process:(769dd7b5),Thread(769dc410)
[5492] 05-06 01:54:33:030: DpRasDialFunc2:pInfo address (0x43c8e0), Dialog Handle (0x20f96)
[7536] 05-06 01:54:33:030: DpEvent
[7536] 05-06 01:54:33:030: Current proces:(0x7084), Current Thread:(0x7536)
[7536] 05-06 01:54:33:030: State is:(2)
[7536] 05-06 01:54:33:030: DpConnectDevice
[7536] 05-06 01:54:33:030: RasGetConnectStatus($00000001)
[7536] 05-06 01:54:33:030: RasGetConnectStatus=0
[7536] 05-06 01:54:33:030:  dt=vpn
[7536] 05-06 01:54:33:030:  dn=WAN Miniport (IKEv2)
[7536] 05-06 01:54:33:030:  pn=portal.access.nokia.com
[7536] 05-06 01:54:33:030: Connection status string: portal.access.nokia.com using 'WAN Miniport (IKEv2)'
[7536] 05-06 01:54:33:030: s=0,f=0,t=1
[7536] 05-06 01:54:33:030: DpEvent:State:'Connecting to portal.access.nokia.com using 'WAN Miniport (IKEv2)'...'
[7536] 05-06 01:54:33:030: DpEvent:returned dwCode:(1)
[7536] 05-06 01:54:33:030: End of DpEvent
[5492] 05-06 01:54:33:030: dwCode returned:(1)
[5492] 05-06 01:54:33:030: CallActive is:1
[5492] 05-06 01:54:33:030: Current thread's active:(1)
[5492] 05-06 01:54:33:030: Current Thread does NOT want to terminate itself,its fterminateASAP=0!
[5492] 05-06 01:54:33:030: GlobalActive Calls are:1
[5492] 05-06 01:54:33:030: Global active:(1)
[5492] 05-06 01:54:33:030: CallActive is:1
[5492] 05-06 01:54:33:030: Current thread's active:(1)
[5492] 05-06 01:54:33:030: \DpRasDialFunc2:final dwCode returned=1
[5492] 05-06 01:54:33:550: /DpRasDialFunc2(rcs=3,s=1,e=0,x=0)
[5492] 05-06 01:54:33:550: Send RasEvent to Dial Progress window, subEntry:(1)
[5492] 05-06 01:54:33:550: Get dwError=(0) from RasMan
[5492] 05-06 01:54:33:550: DpRasDialFunc2:Process:(769dd7b5),Thread(769dc410)
[5492] 05-06 01:54:33:550: DpRasDialFunc2:pInfo address (0x43c8e0), Dialog Handle (0x20f96)
[7536] 05-06 01:54:33:550: DpEvent
[7536] 05-06 01:54:33:550: Current proces:(0x7084), Current Thread:(0x7536)
[7536] 05-06 01:54:33:550: State is:(3)
[7536] 05-06 01:54:33:550: DpDeviceConnected
[7536] 05-06 01:54:33:550: s=0,f=0,t=1
[7536] 05-06 01:54:33:550: DpEvent:State:'Device connected.'
[7536] 05-06 01:54:33:550: DpEvent:returned dwCode:(1)
[7536] 05-06 01:54:33:550: End of DpEvent
[5492] 05-06 01:54:33:550: dwCode returned:(1)
[5492] 05-06 01:54:33:550: CallActive is:1
[5492] 05-06 01:54:33:550: Current thread's active:(1)
[5492] 05-06 01:54:33:550: Current Thread does NOT want to terminate itself,its fterminateASAP=0!
[5492] 05-06 01:54:33:550: GlobalActive Calls are:1
[5492] 05-06 01:54:33:550: Global active:(1)
[5492] 05-06 01:54:33:550: CallActive is:1
[5492] 05-06 01:54:33:550: Current thread's active:(1)
[5492] 05-06 01:54:33:550: \DpRasDialFunc2:final dwCode returned=1
[5492] 05-06 01:54:33:670: /DpRasDialFunc2(rcs=4,s=1,e=0,x=0)
[5492] 05-06 01:54:33:670: Send RasEvent to Dial Progress window, subEntry:(1)
[5492] 05-06 01:54:33:670: Get dwError=(0) from RasMan
[5492] 05-06 01:54:33:670: DpRasDialFunc2:Process:(769dd7b5),Thread(769dc410)
[5492] 05-06 01:54:33:670: DpRasDialFunc2:pInfo address (0x43c8e0), Dialog Handle (0x20f96)
[7536] 05-06 01:54:33:670: DpEvent
[7536] 05-06 01:54:33:670: Current proces:(0x7084), Current Thread:(0x7536)
[7536] 05-06 01:54:33:670: State is:(4)
[7536] 05-06 01:54:33:670: s=0,f=0,t=1
[7536] 05-06 01:54:33:670: DpEvent:State:'All devices connected.'
[7536] 05-06 01:54:33:670: DpEvent:returned dwCode:(1)
[7536] 05-06 01:54:33:670: End of DpEvent
[5492] 05-06 01:54:33:670: dwCode returned:(1)
[5492] 05-06 01:54:33:670: CallActive is:1
[5492] 05-06 01:54:33:670: Current thread's active:(1)
[5492] 05-06 01:54:33:670: Current Thread does NOT want to terminate itself,its fterminateASAP=0!
[5492] 05-06 01:54:33:670: GlobalActive Calls are:1
[5492] 05-06 01:54:33:670: Global active:(1)
[5492] 05-06 01:54:33:670: CallActive is:1
[5492] 05-06 01:54:33:670: Current thread's active:(1)
[5492] 05-06 01:54:33:670: \DpRasDialFunc2:final dwCode returned=1
[5492] 05-06 01:54:33:760: /DpRasDialFunc2(rcs=5,s=1,e=0,x=0)
[5492] 05-06 01:54:33:760: Send RasEvent to Dial Progress window, subEntry:(1)
[5492] 05-06 01:54:33:760: Get dwError=(0) from RasMan
[5492] 05-06 01:54:33:760: DpRasDialFunc2:Process:(769dd7b5),Thread(769dc410)
[5492] 05-06 01:54:33:760: DpRasDialFunc2:pInfo address (0x43c8e0), Dialog Handle (0x20f96)
[7536] 05-06 01:54:33:760: DpEvent
[7536] 05-06 01:54:33:760: Current proces:(0x7084), Current Thread:(0x7536)
[7536] 05-06 01:54:33:760: State is:(5)
[7536] 05-06 01:54:33:760: s=0,f=0,t=1
[7536] 05-06 01:54:33:760: DpEvent:State:'Verifying user name and password...'
[7536] 05-06 01:54:33:760: DpEvent:returned dwCode:(1)
[7536] 05-06 01:54:33:760: End of DpEvent
[5492] 05-06 01:54:33:760: dwCode returned:(1)
[5492] 05-06 01:54:33:760: CallActive is:1
[5492] 05-06 01:54:33:760: Current thread's active:(1)
[5492] 05-06 01:54:33:760: Current Thread does NOT want to terminate itself,its fterminateASAP=0!
[5492] 05-06 01:54:33:760: GlobalActive Calls are:1
[5492] 05-06 01:54:33:760: Global active:(1)
[5492] 05-06 01:54:33:760: CallActive is:1
[5492] 05-06 01:54:33:760: Current thread's active:(1)
[5492] 05-06 01:54:33:760: \DpRasDialFunc2:final dwCode returned=1
[5492] 05-06 01:54:35:100: /DpRasDialFunc2(rcs=6,s=1,e=0,x=0)
[5492] 05-06 01:54:35:100: Send RasEvent to Dial Progress window, subEntry:(1)
[5492] 05-06 01:54:35:100: Get dwError=(0) from RasMan
[5492] 05-06 01:54:35:100: DpRasDialFunc2:Process:(769dd7b5),Thread(769dc410)
[5492] 05-06 01:54:35:100: DpRasDialFunc2:pInfo address (0x43c8e0), Dialog Handle (0x20f96)
[7536] 05-06 01:54:35:100: DpEvent
[7536] 05-06 01:54:35:100: Current proces:(0x7084), Current Thread:(0x7536)
[7536] 05-06 01:54:35:100: State is:(6)
[7536] 05-06 01:54:35:100: DpAuthNotify
[7536] 05-06 01:54:35:100: s=0,f=0,t=1
[7536] 05-06 01:54:35:100: DpEvent:State:'Verifying user name and password...'
[7536] 05-06 01:54:35:100: DpEvent:returned dwCode:(1)
[7536] 05-06 01:54:35:100: End of DpEvent
[5492] 05-06 01:54:35:100: dwCode returned:(1)
[5492] 05-06 01:54:35:100: CallActive is:1
[5492] 05-06 01:54:35:100: Current thread's active:(1)
[5492] 05-06 01:54:35:100: Current Thread does NOT want to terminate itself,its fterminateASAP=0!
[5492] 05-06 01:54:35:100: GlobalActive Calls are:1
[5492] 05-06 01:54:35:100: Global active:(1)
[5492] 05-06 01:54:35:100: CallActive is:1
[5492] 05-06 01:54:35:100: Current thread's active:(1)
[5492] 05-06 01:54:35:100: \DpRasDialFunc2:final dwCode returned=1
[5492] 05-06 01:54:35:300: /DpRasDialFunc2(rcs=0,s=1,e=0,x=0)
[5492] 05-06 01:54:35:300: Send RasEvent to Dial Progress window, subEntry:(1)
[5492] 05-06 01:54:35:300: Get dwError=(0) from RasMan
[5492] 05-06 01:54:35:300: DpRasDialFunc2:Process:(769dd7b5),Thread(769dc410)
[5492] 05-06 01:54:35:300: DpRasDialFunc2:pInfo address (0x43c8e0), Dialog Handle (0x20f96)
[7536] 05-06 01:54:35:300: DpEvent
[7536] 05-06 01:54:35:300: Current proces:(0x7084), Current Thread:(0x7536)
[7536] 05-06 01:54:35:300: State is:(0)
[7536] 05-06 01:54:35:300: s=0,f=0,t=1
[7536] 05-06 01:54:35:300: DpEvent:State:'Opening port...'
[7536] 05-06 01:54:35:300: DpEvent:returned dwCode:(1)
[7536] 05-06 01:54:35:300: End of DpEvent
[5492] 05-06 01:54:35:300: dwCode returned:(1)
[5492] 05-06 01:54:35:300: CallActive is:1
[5492] 05-06 01:54:35:300: Current thread's active:(1)
[5492] 05-06 01:54:35:300: Current Thread does NOT want to terminate itself,its fterminateASAP=0!
[5492] 05-06 01:54:35:300: GlobalActive Calls are:1
[5492] 05-06 01:54:35:300: Global active:(1)
[5492] 05-06 01:54:35:300: CallActive is:1
[5492] 05-06 01:54:35:300: Current thread's active:(1)
[5492] 05-06 01:54:35:300: \DpRasDialFunc2:final dwCode returned=1
[5492] 05-06 01:54:35:310: /DpRasDialFunc2(rcs=1,s=1,e=0,x=0)
[5492] 05-06 01:54:35:310: Send RasEvent to Dial Progress window, subEntry:(1)
[5492] 05-06 01:54:35:310: Get dwError=(0) from RasMan
[5492] 05-06 01:54:35:310: DpRasDialFunc2:Process:(769dd7b5),Thread(769dc410)
[5492] 05-06 01:54:35:310: DpRasDialFunc2:pInfo address (0x43c8e0), Dialog Handle (0x20f96)
[7536] 05-06 01:54:35:310: DpEvent
[7536] 05-06 01:54:35:310: Current proces:(0x7084), Current Thread:(0x7536)
[7536] 05-06 01:54:35:310: State is:(1)
[7536] 05-06 01:54:35:310: RasGetSubEntryHandle(se=1)
[7536] 05-06 01:54:35:310: RasGetSubEntryHandle=0,hL=$00000008
[7536] 05-06 01:54:35:310: s=0,f=0,t=1
[7536] 05-06 01:54:35:310: DpEvent:State:'Port opened.'
[7536] 05-06 01:54:35:310: DpEvent:returned dwCode:(1)
[7536] 05-06 01:54:35:310: End of DpEvent
[5492] 05-06 01:54:35:310: dwCode returned:(1)
[5492] 05-06 01:54:35:310: CallActive is:1
[5492] 05-06 01:54:35:310: Current thread's active:(1)
[5492] 05-06 01:54:35:310: Current Thread does NOT want to terminate itself,its fterminateASAP=0!
[5492] 05-06 01:54:35:310: GlobalActive Calls are:1
[5492] 05-06 01:54:35:310: Global active:(1)
[5492] 05-06 01:54:35:310: CallActive is:1
[5492] 05-06 01:54:35:310: Current thread's active:(1)
[5492] 05-06 01:54:35:310: \DpRasDialFunc2:final dwCode returned=1
[5492] 05-06 01:54:35:310: /DpRasDialFunc2(rcs=2,s=1,e=0,x=0)
[5492] 05-06 01:54:35:310: Send RasEvent to Dial Progress window, subEntry:(1)
[5492] 05-06 01:54:35:310: Get dwError=(0) from RasMan
[5492] 05-06 01:54:35:310: DpRasDialFunc2:Process:(769dd7b5),Thread(769dc410)
[5492] 05-06 01:54:35:310: DpRasDialFunc2:pInfo address (0x43c8e0), Dialog Handle (0x20f96)
[7536] 05-06 01:54:35:310: DpEvent
[7536] 05-06 01:54:35:310: Current proces:(0x7084), Current Thread:(0x7536)
[7536] 05-06 01:54:35:310: State is:(2)
[7536] 05-06 01:54:35:310: DpConnectDevice
[7536] 05-06 01:54:35:310: RasGetConnectStatus($00000008)
[7536] 05-06 01:54:35:310: RasGetConnectStatus=0
[7536] 05-06 01:54:35:310:  dt=vpn
[7536] 05-06 01:54:35:310:  dn=WAN Miniport (SSTP)
[7536] 05-06 01:54:35:310:  pn=portal.access.nokia.com
[7536] 05-06 01:54:35:310: Connection status string: portal.access.nokia.com using 'WAN Miniport (SSTP)'
[7536] 05-06 01:54:35:310: s=0,f=0,t=1
[7536] 05-06 01:54:35:310: DpEvent:State:'Connecting to portal.access.nokia.com using 'WAN Miniport (SSTP)'...'
[7536] 05-06 01:54:35:310: DpEvent:returned dwCode:(1)
[7536] 05-06 01:54:35:310: End of DpEvent
[5492] 05-06 01:54:35:310: dwCode returned:(1)
[5492] 05-06 01:54:35:310: CallActive is:1
[5492] 05-06 01:54:35:310: Current thread's active:(1)
[5492] 05-06 01:54:35:310: Current Thread does NOT want to terminate itself,its fterminateASAP=0!
[5492] 05-06 01:54:35:310: GlobalActive Calls are:1
[5492] 05-06 01:54:35:310: Global active:(1)
[5492] 05-06 01:54:35:310: CallActive is:1
[5492] 05-06 01:54:35:310: Current thread's active:(1)
[5492] 05-06 01:54:35:310: \DpRasDialFunc2:final dwCode returned=1
[5492] 05-06 01:55:01:606: /DpRasDialFunc2(rcs=0,s=1,e=0,x=0)
[5492] 05-06 01:55:01:606: Send RasEvent to Dial Progress window, subEntry:(1)
[5492] 05-06 01:55:01:606: Get dwError=(0) from RasMan
[5492] 05-06 01:55:01:606: DpRasDialFunc2:Process:(769dd7b5),Thread(769dc410)
[5492] 05-06 01:55:01:606: DpRasDialFunc2:pInfo address (0x43c8e0), Dialog Handle (0x20f96)
[7536] 05-06 01:55:01:606: DpEvent
[7536] 05-06 01:55:01:606: Current proces:(0x7084), Current Thread:(0x7536)
[7536] 05-06 01:55:01:606: State is:(0)
[7536] 05-06 01:55:01:606: s=0,f=0,t=1
[7536] 05-06 01:55:01:606: DpEvent:State:'Opening port...'
[7536] 05-06 01:55:01:606: DpEvent:returned dwCode:(1)
[7536] 05-06 01:55:01:606: End of DpEvent
[5492] 05-06 01:55:01:606: dwCode returned:(1)
[5492] 05-06 01:55:01:606: CallActive is:1
[5492] 05-06 01:55:01:606: Current thread's active:(1)
[5492] 05-06 01:55:01:606: Current Thread does NOT want to terminate itself,its fterminateASAP=0!
[5492] 05-06 01:55:01:606: GlobalActive Calls are:1
[5492] 05-06 01:55:01:606: Global active:(1)
[5492] 05-06 01:55:01:606: CallActive is:1
[5492] 05-06 01:55:01:606: Current thread's active:(1)
[5492] 05-06 01:55:01:606: \DpRasDialFunc2:final dwCode returned=1
[5492] 05-06 01:55:01:616: /DpRasDialFunc2(rcs=1,s=1,e=0,x=0)
[5492] 05-06 01:55:01:616: Send RasEvent to Dial Progress window, subEntry:(1)
[5492] 05-06 01:55:01:616: Get dwError=(0) from RasMan
[5492] 05-06 01:55:01:616: DpRasDialFunc2:Process:(769dd7b5),Thread(769dc410)
[5492] 05-06 01:55:01:616: DpRasDialFunc2:pInfo address (0x43c8e0), Dialog Handle (0x20f96)
[7536] 05-06 01:55:01:616: DpEvent
[7536] 05-06 01:55:01:616: Current proces:(0x7084), Current Thread:(0x7536)
[7536] 05-06 01:55:01:616: State is:(1)
[7536] 05-06 01:55:01:616: RasGetSubEntryHandle(se=1)
[7536] 05-06 01:55:01:616: RasGetSubEntryHandle=0,hL=$00000006
[7536] 05-06 01:55:01:616: s=0,f=0,t=1
[7536] 05-06 01:55:01:616: DpEvent:State:'Port opened.'
[7536] 05-06 01:55:01:616: DpEvent:returned dwCode:(1)
[7536] 05-06 01:55:01:616: End of DpEvent
[5492] 05-06 01:55:01:616: dwCode returned:(1)
[5492] 05-06 01:55:01:616: CallActive is:1
[5492] 05-06 01:55:01:616: Current thread's active:(1)
[5492] 05-06 01:55:01:616: Current Thread does NOT want to terminate itself,its fterminateASAP=0!
[5492] 05-06 01:55:01:616: GlobalActive Calls are:1
[5492] 05-06 01:55:01:616: Global active:(1)
[5492] 05-06 01:55:01:616: CallActive is:1
[5492] 05-06 01:55:01:616: Current thread's active:(1)
[5492] 05-06 01:55:01:616: \DpRasDialFunc2:final dwCode returned=1
[5492] 05-06 01:55:02:500: /DpRasDialFunc2(rcs=2,s=1,e=0,x=0)
[5492] 05-06 01:55:02:500: Send RasEvent to Dial Progress window, subEntry:(1)
[5492] 05-06 01:55:02:500: Get dwError=(0) from RasMan
[5492] 05-06 01:55:02:500: DpRasDialFunc2:Process:(769dd7b5),Thread(769dc410)
[5492] 05-06 01:55:02:500: DpRasDialFunc2:pInfo address (0x43c8e0), Dialog Handle (0x20f96)
[7536] 05-06 01:55:02:500: DpEvent
[7536] 05-06 01:55:02:500: Current proces:(0x7084), Current Thread:(0x7536)
[7536] 05-06 01:55:02:500: State is:(2)
[7536] 05-06 01:55:02:500: DpConnectDevice
[7536] 05-06 01:55:02:500: RasGetConnectStatus($00000006)
[7536] 05-06 01:55:03:170: RasGetConnectStatus=0
[7536] 05-06 01:55:03:170:  dt=vpn
[7536] 05-06 01:55:03:170:  dn=WAN Miniport (PPTP)
[7536] 05-06 01:55:03:170:  pn=portal.access.nokia.com
[7536] 05-06 01:55:03:170: Connection status string: portal.access.nokia.com using 'WAN Miniport (PPTP)'
[7536] 05-06 01:55:03:170: s=0,f=0,t=1
[7536] 05-06 01:55:03:170: DpEvent:State:'Connecting to portal.access.nokia.com using 'WAN Miniport (PPTP)'...'
[7536] 05-06 01:55:03:170: DpEvent:returned dwCode:(1)
[7536] 05-06 01:55:03:170: End of DpEvent
[5492] 05-06 01:55:03:170: dwCode returned:(1)
[5492] 05-06 01:55:03:170: CallActive is:1
[5492] 05-06 01:55:03:170: Current thread's active:(1)
[5492] 05-06 01:55:03:170: Current Thread does NOT want to terminate itself,its fterminateASAP=0!
[5492] 05-06 01:55:03:170: GlobalActive Calls are:1
[5492] 05-06 01:55:03:170: Global active:(1)
[5492] 05-06 01:55:03:170: CallActive is:1
[5492] 05-06 01:55:03:170: Current thread's active:(1)
[5492] 05-06 01:55:03:170: \DpRasDialFunc2:final dwCode returned=1
[5492] 05-06 01:55:25:461: /DpRasDialFunc2(rcs=0,s=1,e=0,x=0)
[5492] 05-06 01:55:25:461: Send RasEvent to Dial Progress window, subEntry:(1)
[5492] 05-06 01:55:25:461: Get dwError=(0) from RasMan
[5492] 05-06 01:55:25:461: DpRasDialFunc2:Process:(769dd7b5),Thread(769dc410)
[5492] 05-06 01:55:25:461: DpRasDialFunc2:pInfo address (0x43c8e0), Dialog Handle (0x20f96)
[7536] 05-06 01:55:25:461: DpEvent
[7536] 05-06 01:55:25:461: Current proces:(0x7084), Current Thread:(0x7536)
[7536] 05-06 01:55:25:461: State is:(0)
[7536] 05-06 01:55:25:461: s=0,f=0,t=1
[7536] 05-06 01:55:25:461: DpEvent:State:'Opening port...'
[7536] 05-06 01:55:25:461: DpEvent:returned dwCode:(1)
[7536] 05-06 01:55:25:461: End of DpEvent
[5492] 05-06 01:55:25:461: dwCode returned:(1)
[5492] 05-06 01:55:25:461: CallActive is:1
[5492] 05-06 01:55:25:461: Current thread's active:(1)
[5492] 05-06 01:55:25:461: Current Thread does NOT want to terminate itself,its fterminateASAP=0!
[5492] 05-06 01:55:25:461: GlobalActive Calls are:1
[5492] 05-06 01:55:25:461: Global active:(1)
[5492] 05-06 01:55:25:461: CallActive is:1
[5492] 05-06 01:55:25:461: Current thread's active:(1)
[5492] 05-06 01:55:25:461: \DpRasDialFunc2:final dwCode returned=1
[5492] 05-06 01:55:25:695: /DpRasDialFunc2(rcs=1,s=1,e=0,x=0)
[5492] 05-06 01:55:25:695: Send RasEvent to Dial Progress window, subEntry:(1)
[5492] 05-06 01:55:25:695: Get dwError=(0) from RasMan
[5492] 05-06 01:55:25:695: DpRasDialFunc2:Process:(769dd7b5),Thread(769dc410)
[5492] 05-06 01:55:25:695: DpRasDialFunc2:pInfo address (0x43c8e0), Dialog Handle (0x20f96)
[7536] 05-06 01:55:25:695: DpEvent
[7536] 05-06 01:55:25:695: Current proces:(0x7084), Current Thread:(0x7536)
[7536] 05-06 01:55:25:695: State is:(1)
[7536] 05-06 01:55:25:695: RasGetSubEntryHandle(se=1)
[7536] 05-06 01:55:25:710: RasGetSubEntryHandle=0,hL=$00000003
[7536] 05-06 01:55:25:710: s=0,f=0,t=1
[7536] 05-06 01:55:25:710: DpEvent:State:'Port opened.'
[7536] 05-06 01:55:25:710: DpEvent:returned dwCode:(1)
[7536] 05-06 01:55:25:710: End of DpEvent
[5492] 05-06 01:55:25:710: dwCode returned:(1)
[5492] 05-06 01:55:25:710: CallActive is:1
[5492] 05-06 01:55:25:710: Current thread's active:(1)
[5492] 05-06 01:55:25:710: Current Thread does NOT want to terminate itself,its fterminateASAP=0!
[5492] 05-06 01:55:25:710: GlobalActive Calls are:1
[5492] 05-06 01:55:25:710: Global active:(1)
[5492] 05-06 01:55:25:710: CallActive is:1
[5492] 05-06 01:55:25:710: Current thread's active:(1)
[5492] 05-06 01:55:25:710: \DpRasDialFunc2:final dwCode returned=1
[5492] 05-06 01:55:26:966: /DpRasDialFunc2(rcs=2,s=1,e=0,x=0)
[5492] 05-06 01:55:26:966: Send RasEvent to Dial Progress window, subEntry:(1)
[5492] 05-06 01:55:26:966: Get dwError=(0) from RasMan
[5492] 05-06 01:55:26:966: DpRasDialFunc2:Process:(769dd7b5),Thread(769dc410)
[5492] 05-06 01:55:26:966: DpRasDialFunc2:pInfo address (0x43c8e0), Dialog Handle (0x20f96)
[7536] 05-06 01:55:27:028: DpEvent
[7536] 05-06 01:55:27:028: Current proces:(0x7084), Current Thread:(0x7536)
[7536] 05-06 01:55:27:028: State is:(2)
[7536] 05-06 01:55:27:028: DpConnectDevice
[7536] 05-06 01:55:27:028: RasGetConnectStatus($00000003)
[7536] 05-06 01:55:27:519: RasGetConnectStatus=0
[7536] 05-06 01:55:27:519:  dt=vpn
[7536] 05-06 01:55:27:519:  dn=WAN Miniport (L2TP)
[7536] 05-06 01:55:27:519:  pn=portal.access.nokia.com
[7536] 05-06 01:55:27:519: Connection status string: portal.access.nokia.com using 'WAN Miniport (L2TP)'
[7536] 05-06 01:55:27:519: s=0,f=0,t=1
[7536] 05-06 01:55:27:519: DpEvent:State:'Connecting to portal.access.nokia.com using 'WAN Miniport (L2TP)'...'
[7536] 05-06 01:55:27:519: DpEvent:returned dwCode:(1)
[7536] 05-06 01:55:27:519: End of DpEvent
[5492] 05-06 01:55:27:519: dwCode returned:(1)
[5492] 05-06 01:55:27:519: CallActive is:1
[5492] 05-06 01:55:27:519: Current thread's active:(1)
[5492] 05-06 01:55:27:519: Current Thread does NOT want to terminate itself,its fterminateASAP=0!
[5492] 05-06 01:55:27:519: GlobalActive Calls are:1
[5492] 05-06 01:55:27:519: Global active:(1)
[5492] 05-06 01:55:27:519: CallActive is:1
[5492] 05-06 01:55:27:519: Current thread's active:(1)
[5492] 05-06 01:55:27:519: \DpRasDialFunc2:final dwCode returned=1
[5492] 05-06 01:55:27:881: /DpRasDialFunc2(rcs=2,s=1,e=800,x=0)
[5492] 05-06 01:55:27:881: Send RasEvent to Dial Progress window, subEntry:(1)
[5492] 05-06 01:55:27:881: Get dwError=(800) from RasMan
[5492] 05-06 01:55:27:881: DpRasDialFunc2:Process:(769dd7b5),Thread(769dc410)
[5492] 05-06 01:55:27:881: DpRasDialFunc2:pInfo address (0x43c8e0), Dialog Handle (0x20f96)
[7536] 05-06 01:55:27:881: DpEvent
[7536] 05-06 01:55:27:881: Current proces:(0x7084), Current Thread:(0x7536)
[7536] 05-06 01:55:27:881: State is:(2)
[7536] 05-06 01:55:27:881: DpConnectDevice
[7536] 05-06 01:55:27:881: RasGetConnectStatus($00000003)
[7536] 05-06 01:55:28:489: RasGetConnectStatus=0
[7536] 05-06 01:55:28:520:  dt=vpn
[7536] 05-06 01:55:28:520:  dn=WAN Miniport (L2TP)
[7536] 05-06 01:55:28:520:  pn=portal.access.nokia.com
[7536] 05-06 01:55:28:520: Connection status string: portal.access.nokia.com using 'WAN Miniport (L2TP)'
[7536] 05-06 01:55:28:520: s=0,f=1,t=1
[7536] 05-06 01:55:28:520: Post(ERROR)
[5492] 05-06 01:55:28:520: dwCode returned:(0)
[5492] 05-06 01:55:28:520: CallActive is:1
[5492] 05-06 01:55:28:520: Current thread's active:(1)
[5492] 05-06 01:55:28:520: Current Thread does NOT want to terminate itself,its fterminateASAP=0!
[5492] 05-06 01:55:28:520: GlobalActive Calls are:1
[5492] 05-06 01:55:28:520: Global active:(1)
[5492] 05-06 01:55:28:520: CallActive is:1
[5492] 05-06 01:55:28:520: Current thread's active:(1)
[5492] 05-06 01:55:28:520: CallActive is:0
[5492] 05-06 01:55:28:520: GlobalActive Calls are:0
[5492] 05-06 01:55:28:520: \DpRasDialFunc2:final dwCode returned=0
[7536] 05-06 01:55:28:536: DpError
[7536] 05-06 01:55:28:536: DpCancel
[7536] 05-06 01:55:28:536: DpCancel:call RasHangUp
[7536] 05-06 01:55:29:743: DpCancel:get dwErr from RasHangUp:(0)
[7536] 05-06 01:55:29:743: RasHangUp=0
[7536] 05-06 01:55:29:743: DpEndDialog:Cancel pressed
[7536] 05-06 01:55:29:743: CallActive is:0
[7536] 05-06 01:55:29:743: DpError settings error (0x166f7a0) to 800
[7536] 05-06 01:55:29:743: CallActive is:0
[4856] 05-06 01:55:29:743: DpInfoFree
[4856] 05-06 01:55:29:743: SetUserPreferences(m=0)
[4856] 05-06 01:55:29:743: hrasconnPrereq=0x0